250325 11:36:44 mysqld_safe Starting mariadbd daemon with databases from /config/databases
2025-03-25 11:36:45 0 [Note] Starting MariaDB 11.4.5-MariaDB-log source revision 0771110266ff5c04216af4bf1243c65f8c67ccf4 server_uid dfMrkxN8wHVCMwxhTeSEa9fbr4I= as process 412
2025-03-25 11:36:45 0 [Note] InnoDB: Compressed tables use zlib 1.3.1
2025-03-25 11:36:45 0 [Note] InnoDB: Number of transaction pools: 1
2025-03-25 11:36:45 0 [Note] InnoDB: Using crc32 + pclmulqdq instructions
2025-03-25 11:36:45 0 [Note] mariadbd: O_TMPFILE is not supported on /tmp (disabling future attempts)
2025-03-25 11:36:45 0 [Note] InnoDB: Using Linux native AIO
2025-03-25 11:36:45 0 [Note] InnoDB: Initializing buffer pool, total size = 256.000MiB, chunk size = 4.000MiB
2025-03-25 11:36:45 0 [Note] InnoDB: Completed initialization of buffer pool
2025-03-25 11:36:45 0 [Note] InnoDB: File system buffers for log disabled (block size=512 bytes)
2025-03-25 11:36:45 0 [Note] InnoDB: Starting crash recovery from checkpoint LSN=46964
2025-03-25 11:36:45 0 [Note] InnoDB: End of log at LSN=4735198
2025-03-25 11:36:45 0 [Note] InnoDB: To recover: 623 pages
2025-03-25 11:36:45 0 [Note] InnoDB: Upgrading the change buffer
2025-03-25 11:36:45 0 [Note] InnoDB: Upgraded the change buffer: 0 tablespaces, 0 pages
2025-03-25 11:36:45 0 [Note] InnoDB: Last binlog file '/config/log/mysql/mariadb-bin.000029', position 501043
2025-03-25 11:36:45 0 [Note] InnoDB: Reinitializing innodb_undo_tablespaces= 3 from 0
2025-03-25 11:36:45 0 [Note] InnoDB: Data file .//undo001 did not exist: new to be created
2025-03-25 11:36:45 0 [Note] InnoDB: Setting file .//undo001 size to 10.000MiB
2025-03-25 11:36:45 0 [Note] InnoDB: Database physically writes the file full: wait...
2025-03-25 11:36:45 0 [Note] InnoDB: Data file .//undo002 did not exist: new to be created
2025-03-25 11:36:45 0 [Note] InnoDB: Setting file .//undo002 size to 10.000MiB
2025-03-25 11:36:45 0 [Note] InnoDB: Database physically writes the file full: wait...
2025-03-25 11:36:45 0 [Note] InnoDB: Data file .//undo003 did not exist: new to be created
2025-03-25 11:36:45 0 [Note] InnoDB: Setting file .//undo003 size to 10.000MiB
2025-03-25 11:36:45 0 [Note] InnoDB: Database physically writes the file full: wait...
2025-03-25 11:36:45 0 [Note] InnoDB: 128 rollback segments in 3 undo tablespaces are active.
2025-03-25 11:36:45 0 [Note] InnoDB: Removed temporary tablespace data file: "./ibtmp1"
2025-03-25 11:36:45 0 [Note] InnoDB: Setting file './ibtmp1' size to 12.000MiB. Physically writing the file full; Please wait ...
2025-03-25 11:36:45 0 [Note] InnoDB: File './ibtmp1' size is now 12.000MiB.
2025-03-25 11:36:45 0 [Note] InnoDB: log sequence number 4735198; transaction id 4065
2025-03-25 11:36:45 0 [Note] InnoDB: Loading buffer pool(s) from /config/databases/ib_buffer_pool
2025-03-25 11:36:45 0 [Note] Plugin 'FEEDBACK' is disabled.
2025-03-25 11:36:45 0 [Note] Plugin 'wsrep-provider' is disabled.
2025-03-25 11:36:45 0 [Note] Recovering after a crash using /config/log/mysql/mariadb-bin
2025-03-25 11:36:45 0 [Note] Starting table crash recovery...
2025-03-25 11:36:45 0 [Note] Crash table recovery finished.
2025-03-25 11:36:45 0 [Note] InnoDB: Buffer pool(s) load completed at 250325 11:36:45
2025-03-25 11:36:47 0 [Note] Server socket created on IP: '0.0.0.0'.
2025-03-25 11:36:47 0 [Note] Server socket created on IP: '::'.
2025-03-25 11:36:47 0 [Note] mariadbd: Event Scheduler: Loaded 0 events
2025-03-25 11:36:47 0 [Note] /usr/bin/mariadbd: ready for connections.
Version: '11.4.5-MariaDB-log'  socket: '/var/run/mysqld/mysqld.sock'  port: 3306  Alpine Linux
2025-03-25 11:36:48 4 [Warning] Aborted connection 4 to db: 'unconnected' user: 'unauthenticated' host: 'localhost' (This connection closed normally without authentication)
2025-03-25 11:36:48 5 [Warning] Access denied for user 'root'@'localhost' (using password: NO)
2025-03-25 11:36:49 6 [Warning] Aborted connection 6 to db: 'unconnected' user: 'unauthenticated' host: 'bookstack.bookstack_default' (This connection closed normally without authentication)
250428 07:11:39 250428 07:48:22 mysqld_safe Starting mariadbd daemon with databases from /config/databases
2025-04-28  7:48:22 0 [Note] Starting MariaDB 11.4.5-MariaDB-log source revision 0771110266ff5c04216af4bf1243c65f8c67ccf4 server_uid dfMrkxN8wHVCMwxhTeSEa9fbr4I= as process 409
2025-04-28  7:48:23 0 [Note] InnoDB: Compressed tables use zlib 1.3.1
2025-04-28  7:48:23 0 [Note] InnoDB: Number of transaction pools: 1
2025-04-28  7:48:23 0 [Note] InnoDB: Using crc32 + pclmulqdq instructions
2025-04-28  7:48:23 0 [Note] mariadbd: O_TMPFILE is not supported on /tmp (disabling future attempts)
2025-04-28  7:48:23 0 [Note] InnoDB: Using Linux native AIO
2025-04-28  7:48:23 0 [Note] InnoDB: Initializing buffer pool, total size = 256.000MiB, chunk size = 4.000MiB
2025-04-28  7:48:23 0 [Note] InnoDB: Completed initialization of buffer pool
2025-04-28  7:48:23 0 [Note] InnoDB: File system buffers for log disabled (block size=512 bytes)
2025-04-28  7:48:23 0 [Note] InnoDB: Starting crash recovery from checkpoint LSN=4742706
2025-04-28  7:48:23 0 [Note] InnoDB: End of log at LSN=4844891
2025-04-28  7:48:23 0 [Note] InnoDB: To recover: 204 pages
2025-04-28  7:48:23 0 [Note] InnoDB: Last binlog file '/config/log/mysql/mariadb-bin.000031', position 47301
2025-04-28  7:48:23 0 [Note] InnoDB: Opened 3 undo tablespaces
2025-04-28  7:48:23 0 [Note] InnoDB: 128 rollback segments in 3 undo tablespaces are active.
2025-04-28  7:48:23 0 [Note] InnoDB: Setting file './ibtmp1' size to 12.000MiB. Physically writing the file full; Please wait ...
2025-04-28  7:48:23 0 [Note] InnoDB: File './ibtmp1' size is now 12.000MiB.
2025-04-28  7:48:23 0 [Note] InnoDB: log sequence number 4844891; transaction id 4150
2025-04-28  7:48:23 0 [Note] Plugin 'FEEDBACK' is disabled.
2025-04-28  7:48:23 0 [Note] Plugin 'wsrep-provider' is disabled.
2025-04-28  7:48:23 0 [Note] InnoDB: Loading buffer pool(s) from /config/databases/ib_buffer_pool
2025-04-28  7:48:23 0 [Note] InnoDB: Buffer pool(s) load completed at 250428  7:48:23
2025-04-28  7:48:23 0 [Note] Recovering after a crash using /config/log/mysql/mariadb-bin
2025-04-28  7:48:23 0 [Note] Starting table crash recovery...
2025-04-28  7:48:23 0 [Note] Crash table recovery finished.
2025-04-28  7:48:23 0 [Note] Binary log 'mariadb-bin.000030' is not purged because less than 'slave_connections_needed_for_purge' slaves have processed it
2025-04-28  7:48:27 0 [Note] Server socket created on IP: '0.0.0.0'.
2025-04-28  7:48:27 0 [Note] Server socket created on IP: '::'.
2025-04-28  7:48:27 0 [Note] mariadbd: Event Scheduler: Loaded 0 events
2025-04-28  7:48:27 0 [Note] /usr/bin/mariadbd: ready for connections.
Version: '11.4.5-MariaDB-log'  socket: '/var/run/mysqld/mysqld.sock'  port: 3306  Alpine Linux
2025-04-28  7:48:27 4 [Warning] Aborted connection 4 to db: 'unconnected' user: 'unauthenticated' host: 'localhost' (This connection closed normally without authentication)
2025-04-28  7:48:27 5 [Warning] Access denied for user 'root'@'localhost' (using password: NO)
2025-04-28  7:48:28 7 [Warning] Aborted connection 7 to db: 'unconnected' user: 'unauthenticated' host: 'bookstack.bookstack_default' (This connection closed normally without authentication)
2025-05-21 16:59:27 0 [Note] /usr/bin/mariadbd (initiated by: unknown): Normal shutdown
2025-05-21 16:59:27 0 [Note] InnoDB: FTS optimize thread exiting.
2025-05-21 16:59:27 0 [Warning] mariadbd: Disk is full writing '/config/log/mysql/mariadb-bin.state' (Errcode: 28 "No space left on device"). Waiting for someone to free space... (Expect up to 60 secs delay for server to continue after freeing disk space)
2025-05-21 16:59:27 0 [Warning] mariadbd: Retry in 60 secs. Message reprinted in 600 secs
250521 17:00:07 mysqld_safe Starting mariadbd daemon with databases from /config/databases
2025-05-21 17:00:08 0 [Note] Starting MariaDB 11.4.5-MariaDB-log source revision 0771110266ff5c04216af4bf1243c65f8c67ccf4 server_uid p/bij/r1Ao03N7VW1YZw+uoPSAo= as process 410
2025-05-21 17:00:08 0 [ERROR] mariadbd: Error writing file './ddl_recovery.log' (Errcode: 28 "No space left on device")
2025-052025-05-21 17:01:49 0 [Note] Starting MariaDB 11.4.5-MariaDB-log source revision 0771110266ff5c04216af4bf1243c65f8c67ccf4 server_uid p/bij/r1Ao03N7VW1YZw+uoPSAo= as process 15060
2025-05-21 17:01:49 0 [Note] InnoDB: Compressed tables use zlib 1.3.1
2025-05-21 17:01:49 0 [Note] InnoDB: Number of transaction pools: 1
2025-05-21 17:01:49 0 [Note] InnoDB: Using crc32 + pclmulqdq instructions
2025-05-21 17:01:49 0 [Note] mariadbd: O_TMPFILE is not supported on /tmp (disabling future attempts)
2025-05-21 17:01:49 0 [Note] InnoDB: Using Linux native AIO
2025-05-21 17:01:49 0 [Note] InnoDB: Initializing buffer pool, total size = 256.000MiB, chunk size = 4.000MiB
2025-05-21 17:01:49 0 [Note] InnoDB: Completed initialization of buffer pool
2025-05-21 17:01:49 0 [Note] InnoDB: File system buffers for log disabled (block size=512 bytes)
2025-05-21 17:01:49 0 [Note] InnoDB: Starting crash recovery from checkpoint LSN=4742706
2025-05-21 17:01:49 0 [Note] InnoDB: End of log at LSN=5307085
2025-05-21 17:01:49 0 [Note] InnoDB: To recover: 258 pages
2025-05-21 17:01:49 0 [Note] InnoDB: Last binlog file '/config/log/mysql/mariadb-bin.000032', position 191851
2025-05-21 17:01:49 0 [Note] InnoDB: Opened 3 undo tablespaces
2025-05-21 17:01:49 0 [Note] InnoDB: 128 rollback segments in 3 undo tablespaces are active.
2025-05-21 17:01:49 0 [Note] InnoDB: Removed temporary tablespace data file: "./ibtmp1"
2025-05-21 17:01:49 0 [Note] InnoDB: Setting file './ibtmp1' size to 12.000MiB. Physically writing the file full; Please wait ...
2025-05-21 17:01:49 0 [Note] InnoDB: File './ibtmp1' size is now 12.000MiB.
2025-05-21 17:01:49 0 [Note] InnoDB: log sequence number 5307085; transaction id 4399
2025-05-21 17:01:49 0 [Note] Plugin 'FEEDBACK' is disabled.
2025-05-21 17:01:49 0 [Note] Plugin 'wsrep-provider' is disabled.
2025-05-21 17:01:49 0 [Note] InnoDB: Loading buffer pool(s) from /config/databases/ib_buffer_pool
2025-05-21 17:01:49 0 [Note] Recovering after a crash using /config/log/mysql/mariadb-bin
2025-05-21 17:01:49 0 [Note] Starting table crash recovery...
2025-05-21 17:01:49 0 [Note] Crash table recovery finished.
2025-05-21 17:01:49 0 [Note] InnoDB: Buffer pool(s) load completed at 250521 17:01:49
2025-05-21 17:01:49 0 [Note] Binary log 'mariadb-bin.000030' is not purged because less than 'slave_connections_needed_for_purge' slaves have processed it
2025-05-21 17:01:51 0 [Note] Server socket created on IP: '0.0.0.0'.
2025-05-21 17:01:51 0 [Note] Server socket created on IP: '::'.
2025-05-21 17:01:51 0 [Note] mariadbd: Event Scheduler: Loaded 0 events
2025-05-21 17:01:51 0 [Note] /usr/bin/mariadbd: ready for connections.
Version: '11.4.5-MariaDB-log'  socket: '/var/run/mysqld/mysqld.sock'  port: 3306  Alpine Linux
2025-05-21 17:01:51 4 [Warning] Aborted connection 4 to db: 'unconnected' user: 'unauthenticated' host: 'localhost' (This connection closed normally without authentication)
2025-05-21 17:01:51 5 [Warning] Access denied for user 'root'@'localhost' (using password: NO)
2025-06-25 17:33:21 0 [Note] /usr/bin/mariadbd (initiated by: unknown): Normal shutdown
2025-06-25 17:33:21 0 [Note] InnoDB: FTS optimize thread exiting.
2025-06-25 17:33:22 0 [Note] InnoDB: Starting shutdown...
2025-06-25 17:33:22 0 [Note] InnoDB: Dumping buffer pool(s) to /config/databases/ib_buffer_pool
2025-06-25 17:33:22 0 [Note] InnoDB: Buffer pool(s) dump completed at 250625 17:33:22
2025-06-25 17:33:22 0 [Note] InnoDB: Removed temporary tablespace data file: "./ibtmp1"
2025-06-25 17:33:22 0 [Note] InnoDB: Shutdown completed; log sequence number 5308317; transaction id 4402
2025-06-25 17:33:22 0 [Note] /usr/bin/mariadbd: Shutdown complete
250625 17:33:22 mysqld_safe mysqld from pid file /run/mysqld/mysqld.pid ended
250625 17:34:07 mysqld_safe Starting mariadbd daemon with databases from /config/databases
2025-06-25 17:34:07 0 [Note] Starting MariaDB 11.4.5-MariaDB-log source revision 0771110266ff5c04216af4bf1243c65f8c67ccf4 server_uid dfMrkxN8wHVCMwxhTeSEa9fbr4I= as process 409
2025-06-25 17:34:07 0 [Note] InnoDB: Compressed tables use zlib 1.3.1
2025-06-25 17:34:07 0 [Note] InnoDB: Number of transaction pools: 1
2025-06-25 17:34:07 0 [Note] InnoDB: Using crc32 + pclmulqdq instructions
2025-06-25 17:34:07 0 [Note] mariadbd: O_TMPFILE is not supported on /tmp (disabling future attempts)
2025-06-25 17:34:08 0 [Note] InnoDB: Using Linux native AIO
2025-06-25 17:34:08 0 [Note] InnoDB: Initializing buffer pool, total size = 256.000MiB, chunk size = 4.000MiB
2025-06-25 17:34:08 0 [Note] InnoDB: Completed initialization of buffer pool
2025-06-25 17:34:08 0 [Note] InnoDB: File system buffers for log disabled (block size=512 bytes)
2025-06-25 17:34:08 0 [Note] InnoDB: End of log at LSN=5308317
2025-06-25 17:34:08 0 [Note] InnoDB: Opened 3 undo tablespaces
2025-06-25 17:34:08 0 [Note] InnoDB: 128 rollback segments in 3 undo tablespaces are active.
2025-06-25 17:34:08 0 [Note] InnoDB: Setting file './ibtmp1' size to 12.000MiB. Physically writing the file full; Please wait ...
2025-06-25 17:34:08 0 [Note] InnoDB: File './ibtmp1' size is now 12.000MiB.
2025-06-25 17:34:08 0 [Note] InnoDB: log sequence number 5308317; transaction id 4399
2025-06-25 17:34:08 0 [Note] InnoDB: Loading buffer pool(s) from /config/databases/ib_buffer_pool
2025-06-25 17:34:08 0 [Note] Plugin 'FEEDBACK' is disabled.
2025-06-25 17:34:08 0 [Note] Plugin 'wsrep-provider' is disabled.
2025-06-25 17:34:08 0 [Note] Binary log 'mariadb-bin.000030' is not purged because less than 'slave_connections_needed_for_purge' slaves have processed it
2025-06-25 17:34:08 0 [Note] InnoDB: Buffer pool(s) load completed at 250625 17:34:08
2025-06-25 17:34:09 0 [Note] Server socket created on IP: '0.0.0.0'.
2025-06-25 17:34:09 0 [Note] Server socket created on IP: '::'.
2025-06-25 17:34:10 0 [Note] mariadbd: Event Scheduler: Loaded 0 events
2025-06-25 17:34:10 0 [Note] /usr/bin/mariadbd: ready for connections.
Version: '11.4.5-MariaDB-log'  socket: '/var/run/mysqld/mysqld.sock'  port: 3306  Alpine Linux
2025-06-25 17:34:10 4 [Warning] Aborted connection 4 to db: 'unconnected' user: 'unauthenticated' host: 'localhost' (This connection closed normally without authentication)
2025-06-25 17:34:10 5 [Warning] Access denied for user 'root'@'localhost' (using password: NO)
2025-06-25 17:34:11 7 [Warning] Aborted connection 7 to db: 'unconnected' user: 'unauthenticated' host: 'bookstack.bookstack_default' (This connection closed normally without authentication)
2025-07-26 14:48:51 0 [Note] /usr/bin/mariadbd (initiated by: unknown): Normal shutdown
2025-07-26 14:48:51 0 [Note] InnoDB: FTS optimize thread exiting.
2025-07-26 14:48:51 0 [Note] InnoDB: Starting shutdown...
2025-07-26 14:48:51 0 [Note] InnoDB: Dumping buffer pool(s) to /config/databases/ib_buffer_pool
2025-07-26 14:48:51 0 [Note] InnoDB: Buffer pool(s) dump completed at 250726 14:48:51
2025-07-26 14:48:51 0 [Note] InnoDB: Removed temporary tablespace data file: "./ibtmp1"
2025-07-26 14:48:51 0 [Note] InnoDB: Shutdown completed; log sequence number 6045999; transaction id 4597
2025-07-26 14:48:51 0 [Note] /usr/bin/mariadbd: Shutdown complete
250726 14:48:51 mysqld_safe mysqld from pid file /run/mysqld/mysqld.pid ended
250726 14:49:34 mysqld_safe Starting mariadbd daemon with databases from /config/databases
2025-07-26 14:49:34 0 [Note] Starting MariaDB 11.4.5-MariaDB-log source revision 0771110266ff5c04216af4bf1243c65f8c67ccf4 server_uid dfMrkxN8wHVCMwxhTeSEa9fbr4I= as process 408
2025-07-26 14:49:35 0 [Note] InnoDB: Compressed tables use zlib 1.3.1
2025-07-26 14:49:35 0 [Note] InnoDB: Number of transaction pools: 1
2025-07-26 14:49:35 0 [Note] InnoDB: Using crc32 + pclmulqdq instructions
2025-07-26 14:49:35 0 [Note] mariadbd: O_TMPFILE is not supported on /tmp (disabling future attempts)
2025-07-26 14:49:35 0 [Note] InnoDB: Using Linux native AIO
2025-07-26 14:49:35 0 [Note] InnoDB: Initializing buffer pool, total size = 256.000MiB, chunk size = 4.000MiB
2025-07-26 14:49:35 0 [Note] InnoDB: Completed initialization of buffer pool
2025-07-26 14:49:35 0 [Note] InnoDB: File system buffers for log disabled (block size=512 bytes)
2025-07-26 14:49:35 0 [Note] InnoDB: End of log at LSN=6045999
2025-07-26 14:49:35 0 [Note] InnoDB: Opened 3 undo tablespaces
2025-07-26 14:49:35 0 [Note] InnoDB: 128 rollback segments in 3 undo tablespaces are active.
2025-07-26 14:49:35 0 [Note] InnoDB: Setting file './ibtmp1' size to 12.000MiB. Physically writing the file full; Please wait ...
2025-07-26 14:49:35 0 [Note] InnoDB: File './ibtmp1' size is now 12.000MiB.
2025-07-26 14:49:35 0 [Note] InnoDB: log sequence number 6045999; transaction id 4598
2025-07-26 14:49:35 0 [Note] InnoDB: Loading buffer pool(s) from /config/databases/ib_buffer_pool
2025-07-26 14:49:35 0 [Note] Plugin 'FEEDBACK' is disabled.
2025-07-26 14:49:35 0 [Note] Plugin 'wsrep-provider' is disabled.
2025-07-26 14:49:35 0 [Note] Binary log 'mariadb-bin.000030' is not purged because less than 'slave_connections_needed_for_purge' slaves have processed it
2025-07-26 14:49:35 0 [Note] InnoDB: Buffer pool(s) load completed at 250726 14:49:35
2025-07-26 14:49:36 0 [Note] Server socket created on IP: '0.0.0.0'.
2025-07-26 14:49:36 0 [Note] Server socket created on IP: '::'.
2025-07-26 14:49:36 0 [Note] mariadbd: Event Scheduler: Loaded 0 events
2025-07-26 14:49:36 0 [Note] /usr/bin/mariadbd: ready for connections.
Version: '11.4.5-MariaDB-log'  socket: '/var/run/mysqld/mysqld.sock'  port: 3306  Alpine Linux
2025-07-26 14:49:37 4 [Warning] Aborted connection 4 to db: 'unconnected' user: 'unauthenticated' host: 'localhost' (This connection closed normally without authentication)
2025-07-26 14:49:37 5 [Warning] Access denied for user 'root'@'localhost' (using password: NO)
2025-07-26 14:49:38 7 [Warning] Aborted connection 7 to db: 'unconnected' user: 'unauthenticated' host: 'bookstack.bookstack_default' (This connection closed normally without authentication)
2025-10-05 17:39:47 0 [Note] /usr/bin/mariadbd (initiated by: unknown): Normal shutdown
2025-10-05 17:39:47 0 [Note] InnoDB: FTS optimize thread exiting.
2025-10-05 17:39:48 0 [Note] InnoDB: Starting shutdown...
2025-10-05 17:39:48 0 [Note] InnoDB: Dumping buffer pool(s) to /config/databases/ib_buffer_pool
2025-10-05 17:39:48 0 [Note] InnoDB: Buffer pool(s) dump completed at 251005 17:39:48
2025-10-05 17:39:48 0 [Note] InnoDB: Removed temporary tablespace data file: "./ibtmp1"
2025-10-05 17:39:48 0 [Note] InnoDB: Shutdown completed; log sequence number 6701165; transaction id 4838
2025-10-05 17:39:48 0 [Note] /usr/bin/mariadbd: Shutdown complete
251005 17:39:48 mysqld_safe mysqld from pid file /run/mysqld/mysqld.pid ended
251005 20:13:04 mysqld_safe Starting mariadbd daemon with databases from /config/databases
2025-10-05 20:13:05 0 [Note] Starting MariaDB 11.4.5-MariaDB-log source revision 0771110266ff5c04216af4bf1243c65f8c67ccf4 server_uid dfMrkxN8wHVCMwxhTeSEa9fbr4I= as process 410
2025-10-05 20:13:05 0 [Note] InnoDB: Compressed tables use zlib 1.3.1
2025-10-05 20:13:05 0 [Note] InnoDB: Number of transaction pools: 1
2025-10-05 20:13:05 0 [Note] InnoDB: Using crc32 + pclmulqdq instructions
2025-10-05 20:13:05 0 [Note] mariadbd: O_TMPFILE is not supported on /tmp (disabling future attempts)
2025-10-05 20:13:05 0 [Note] InnoDB: Using Linux native AIO
2025-10-05 20:13:05 0 [Note] InnoDB: Initializing buffer pool, total size = 256.000MiB, chunk size = 4.000MiB
2025-10-05 20:13:05 0 [Note] InnoDB: Completed initialization of buffer pool
2025-10-05 20:13:05 0 [Note] InnoDB: File system buffers for log disabled (block size=512 bytes)
2025-10-05 20:13:05 0 [Note] InnoDB: End of log at LSN=6701165
2025-10-05 20:13:05 0 [Note] InnoDB: Opened 3 undo tablespaces
2025-10-05 20:13:05 0 [Note] InnoDB: 128 rollback segments in 3 undo tablespaces are active.
2025-10-05 20:13:05 0 [Note] InnoDB: Setting file './ibtmp1' size to 12.000MiB. Physically writing the file full; Please wait ...
2025-10-05 20:13:05 0 [Note] InnoDB: File './ibtmp1' size is now 12.000MiB.
2025-10-05 20:13:05 0 [Note] InnoDB: log sequence number 6701165; transaction id 4839
2025-10-05 20:13:05 0 [Note] Plugin 'FEEDBACK' is disabled.
2025-10-05 20:13:05 0 [Note] InnoDB: Loading buffer pool(s) from /config/databases/ib_buffer_pool
2025-10-05 20:13:05 0 [Note] Plugin 'wsrep-provider' is disabled.
2025-10-05 20:13:05 0 [Note] Binary log 'mariadb-bin.000030' is not purged because less than 'slave_connections_needed_for_purge' slaves have processed it
2025-10-05 20:13:05 0 [Note] InnoDB: Buffer pool(s) load completed at 251005 20:13:05
2025-10-05 20:13:08 0 [Note] Server socket created on IP: '0.0.0.0'.
2025-10-05 20:13:08 0 [Note] Server socket created on IP: '::'.
2025-10-05 20:13:08 0 [Note] mariadbd: Event Scheduler: Loaded 0 events
2025-10-05 20:13:08 0 [Note] /usr/bin/mariadbd: ready for connections.
Version: '11.4.5-MariaDB-log'  socket: '/var/run/mysqld/mysqld.sock'  port: 3306  Alpine Linux
2025-10-05 20:13:08 5 [Warning] Aborted connection 5 to db: 'unconnected' user: 'unauthenticated' host: 'localhost' (This connection closed normally without authentication)
2025-10-05 20:13:09 4 [Warning] Aborted connection 4 to db: 'unconnected' user: 'unauthenticated' host: 'bookstack.bookstack_default' (This connection closed normally without authentication)
2025-10-05 20:13:09 6 [Warning] Access denied for user 'root'@'localhost' (using password: NO)
2025-10-06  9:35:17 0 [Note] /usr/bin/mariadbd (initiated by: unknown): Normal shutdown
2025-10-06  9:35:17 0 [Note] InnoDB: FTS optimize thread exiting.
2025-10-06  9:35:17 0 [Note] InnoDB: Starting shutdown...
2025-10-06  9:35:17 0 [Note] InnoDB: Dumping buffer pool(s) to /config/databases/ib_buffer_pool
2025-10-06  9:35:17 0 [Note] InnoDB: Buffer pool(s) dump completed at 251006  9:35:17
2025-10-06  9:35:17 0 [Note] InnoDB: Removed temporary tablespace data file: "./ibtmp1"
2025-10-06  9:35:17 0 [Note] InnoDB: Shutdown completed; log sequence number 6701165; transaction id 4843
2025-10-06  9:35:17 0 [Note] /usr/bin/mariadbd: Shutdown complete
251006 09:35:17 mysqld_safe mysqld from pid file /run/mysqld/mysqld.pid ended
251006 12:10:51 mysqld_safe Starting mariadbd daemon with databases from /config/databases
2025-10-06 12:10:52 0 [Note] Starting MariaDB 11.4.5-MariaDB-log source revision 0771110266ff5c04216af4bf1243c65f8c67ccf4 server_uid p/bij/r1Ao03N7VW1YZw+uoPSAo= as process 409
2025-10-06 12:10:52 0 [Note] InnoDB: Compressed tables use zlib 1.3.1
2025-10-06 12:10:52 0 [Note] InnoDB: Number of transaction pools: 1
2025-10-06 12:10:52 0 [Note] InnoDB: Using crc32 + pclmulqdq instructions
2025-10-06 12:10:52 0 [Note] mariadbd: O_TMPFILE is not supported on /tmp (disabling future attempts)
2025-10-06 12:10:52 0 [Note] InnoDB: Using Linux native AIO
2025-10-06 12:10:52 0 [Note] InnoDB: Initializing buffer pool, total size = 256.000MiB, chunk size = 4.000MiB
2025-10-06 12:10:52 0 [Note] InnoDB: Completed initialization of buffer pool
2025-10-06 12:10:52 0 [Note] InnoDB: File system buffers for log disabled (block size=512 bytes)
2025-10-06 12:10:52 0 [Note] InnoDB: End of log at LSN=6701165
2025-10-06 12:10:52 0 [Note] InnoDB: Opened 3 undo tablespaces
2025-10-06 12:10:52 0 [Note] InnoDB: 128 rollback segments in 3 undo tablespaces are active.
2025-10-06 12:10:52 0 [Note] InnoDB: Setting file './ibtmp1' size to 12.000MiB. Physically writing the file full; Please wait ...
2025-10-06 12:10:52 0 [Note] InnoDB: File './ibtmp1' size is now 12.000MiB.
2025-10-06 12:10:52 0 [Note] InnoDB: log sequence number 6701165; transaction id 4839
2025-10-06 12:10:52 0 [Note] Plugin 'FEEDBACK' is disabled.
2025-10-06 12:10:52 0 [Note] Plugin 'wsrep-provider' is disabled.
2025-10-06 12:10:52 0 [Note] InnoDB: Loading buffer pool(s) from /config/databases/ib_buffer_pool
2025-10-06 12:10:52 0 [Note] Binary log 'mariadb-bin.000030' is not purged because less than 'slave_connections_needed_for_purge' slaves have processed it
2025-10-06 12:10:52 0 [Note] InnoDB: Buffer pool(s) load completed at 251006 12:10:52
2025-10-06 12:10:54 0 [Note] Server socket created on IP: '0.0.0.0'.
2025-10-06 12:10:54 0 [Note] Server socket created on IP: '::'.
2025-10-06 12:10:54 0 [Note] mariadbd: Event Scheduler: Loaded 0 events
2025-10-06 12:10:54 0 [Note] /usr/bin/mariadbd: ready for connections.
Version: '11.4.5-MariaDB-log'  socket: '/var/run/mysqld/mysqld.sock'  port: 3306  Alpine Linux
2025-10-06 12:10:55 4 [Warning] Aborted connection 4 to db: 'unconnected' user: 'unauthenticated' host: 'localhost' (This connection closed normally without authentication)
2025-10-06 12:10:55 5 [Warning] Access denied for user 'root'@'localhost' (using password: NO)
2025-10-06 12:10:56 7 [Warning] Aborted connection 7 to db: 'unconnected' user: 'unauthenticated' host: 'bookstack.bookstack_default' (This connection closed normally without authentication)
2025-10-08 18:57:01 0 [Note] /usr/bin/mariadbd (initiated by: unknown): Normal shutdown
2025-10-08 18:57:01 0 [Note] InnoDB: FTS optimize thread exiting.
2025-10-08 18:57:01 0 [Note] InnoDB: Starting shutdown...
2025-10-08 18:57:01 0 [Note] InnoDB: Dumping buffer pool(s) to /config/databases/ib_buffer_pool
2025-10-08 18:57:01 0 [Note] InnoDB: Buffer pool(s) dump completed at 251008 18:57:01
2025-10-08 18:57:01 0 [Note] InnoDB: Removed temporary tablespace data file: "./ibtmp1"
2025-10-08 18:57:01 0 [Note] InnoDB: Shutdown completed; log sequence number 6709536; transaction id 4878
2025-10-08 18:57:01 0 [Note] /usr/bin/mariadbd: Shutdown complete
251008 18:57:01 mysqld_safe mysqld from pid file /run/mysqld/mysqld.pid ended
251008 21:00:18 mysqld_safe Starting mariadbd daemon with databases from /config/databases
2025-10-08 21:00:19 0 [Note] Starting MariaDB 11.4.5-MariaDB-log source revision 0771110266ff5c04216af4bf1243c65f8c67ccf4 server_uid p/bij/r1Ao03N7VW1YZw+uoPSAo= as process 409
2025-10-08 21:00:19 0 [Note] InnoDB: Compressed tables use zlib 1.3.1
2025-10-08 21:00:19 0 [Note] InnoDB: Number of transaction pools: 1
2025-10-08 21:00:19 0 [Note] InnoDB: Using crc32 + pclmulqdq instructions
2025-10-08 21:00:19 0 [Note] mariadbd: O_TMPFILE is not supported on /tmp (disabling future attempts)
2025-10-08 21:00:19 0 [Note] InnoDB: Using Linux native AIO
2025-10-08 21:00:19 0 [Note] InnoDB: Initializing buffer pool, total size = 256.000MiB, chunk size = 4.000MiB
2025-10-08 21:00:19 0 [Note] InnoDB: Completed initialization of buffer pool
2025-10-08 21:00:19 0 [Note] InnoDB: File system buffers for log disabled (block size=512 bytes)
2025-10-08 21:00:19 0 [Note] InnoDB: End of log at LSN=6709536
2025-10-08 21:00:19 0 [Note] InnoDB: Opened 3 undo tablespaces
2025-10-08 21:00:19 0 [Note] InnoDB: 128 rollback segments in 3 undo tablespaces are active.
2025-10-08 21:00:19 0 [Note] InnoDB: Setting file './ibtmp1' size to 12.000MiB. Physically writing the file full; Please wait ...
2025-10-08 21:00:19 0 [Note] InnoDB: File './ibtmp1' size is now 12.000MiB.
2025-10-08 21:00:19 0 [Note] InnoDB: log sequence number 6709536; transaction id 4879
2025-10-08 21:00:19 0 [Note] Plugin 'FEEDBACK' is disabled.
2025-10-08 21:00:19 0 [Note] InnoDB: Loading buffer pool(s) from /config/databases/ib_buffer_pool
2025-10-08 21:00:19 0 [Note] Plugin 'wsrep-provider' is disabled.
2025-10-08 21:00:19 0 [Note] Binary log 'mariadb-bin.000030' is not purged because less than 'slave_connections_needed_for_purge' slaves have processed it
2025-10-08 21:00:19 0 [Note] InnoDB: Buffer pool(s) load completed at 251008 21:00:19
2025-10-08 21:00:21 0 [Note] Server socket created on IP: '0.0.0.0'.
2025-10-08 21:00:21 0 [Note] Server socket created on IP: '::'.
2025-10-08 21:00:21 0 [Note] mariadbd: Event Scheduler: Loaded 0 events
2025-10-08 21:00:21 0 [Note] /usr/bin/mariadbd: ready for connections.
Version: '11.4.5-MariaDB-log'  socket: '/var/run/mysqld/mysqld.sock'  port: 3306  Alpine Linux
2025-10-08 21:00:22 5 [Warning] Aborted connection 5 to db: 'unconnected' user: 'unauthenticated' host: 'localhost' (This connection closed normally without authentication)
2025-10-08 21:00:22 6 [Warning] Access denied for user 'root'@'localhost' (using password: NO)
2025-10-08 21:00:22 4 [Warning] Aborted connection 4 to db: 'unconnected' user: 'unauthenticated' host: 'bookstack.bookstack_default' (This connection closed normally without authentication)
2025-10-09 10:51:35 0 [Note] /usr/bin/mariadbd (initiated by: unknown): Normal shutdown
2025-10-09 10:51:35 0 [Note] InnoDB: FTS optimize thread exiting.
2025-10-09 10:51:35 0 [Note] InnoDB: Starting shutdown...
2025-10-09 10:51:35 0 [Note] InnoDB: Dumping buffer pool(s) to /config/databases/ib_buffer_pool
2025-10-09 10:51:35 0 [Note] InnoDB: Buffer pool(s) dump completed at 251009 10:51:35
2025-10-09 10:51:35 0 [Note] InnoDB: Removed temporary tablespace data file: "./ibtmp1"
2025-10-09 10:51:35 0 [Note] InnoDB: Shutdown completed; log sequence number 6709536; transaction id 4883
2025-10-09 10:51:35 0 [Note] /usr/bin/mariadbd: Shutdown complete
251009 10:51:35 mysqld_safe mysqld from pid file /run/mysqld/mysqld.pid ended
251009 11:31:12 mysqld_safe Starting mariadbd daemon with databases from /config/databases
2025-10-09 11:31:12 0 [Note] Starting MariaDB 11.4.5-MariaDB-log source revision 0771110266ff5c04216af4bf1243c65f8c67ccf4 server_uid p/bij/r1Ao03N7VW1YZw+uoPSAo= as process 410
2025-10-09 11:31:13 0 [Note] InnoDB: Compressed tables use zlib 1.3.1
2025-10-09 11:31:13 0 [Note] InnoDB: Number of transaction pools: 1
2025-10-09 11:31:13 0 [Note] InnoDB: Using crc32 + pclmulqdq instructions
2025-10-09 11:31:13 0 [Note] mariadbd: O_TMPFILE is not supported on /tmp (disabling future attempts)
2025-10-09 11:31:13 0 [Note] InnoDB: Using Linux native AIO
2025-10-09 11:31:13 0 [Note] InnoDB: Initializing buffer pool, total size = 256.000MiB, chunk size = 4.000MiB
2025-10-09 11:31:13 0 [Note] InnoDB: Completed initialization of buffer pool
2025-10-09 11:31:13 0 [Note] InnoDB: File system buffers for log disabled (block size=512 bytes)
2025-10-09 11:31:13 0 [Note] InnoDB: End of log at LSN=6709536
2025-10-09 11:31:13 0 [Note] InnoDB: Opened 3 undo tablespaces
2025-10-09 11:31:13 0 [Note] InnoDB: 128 rollback segments in 3 undo tablespaces are active.
2025-10-09 11:31:13 0 [Note] InnoDB: Setting file './ibtmp1' size to 12.000MiB. Physically writing the file full; Please wait ...
2025-10-09 11:31:13 0 [Note] InnoDB: File './ibtmp1' size is now 12.000MiB.
2025-10-09 11:31:13 0 [Note] InnoDB: log sequence number 6709536; transaction id 4879
2025-10-09 11:31:13 0 [Note] InnoDB: Loading buffer pool(s) from /config/databases/ib_buffer_pool
2025-10-09 11:31:13 0 [Note] Plugin 'FEEDBACK' is disabled.
2025-10-09 11:31:13 0 [Note] Plugin 'wsrep-provider' is disabled.
2025-10-09 11:31:13 0 [Note] Binary log 'mariadb-bin.000030' is not purged because less than 'slave_connections_needed_for_purge' slaves have processed it
2025-10-09 11:31:13 0 [Note] InnoDB: Buffer pool(s) load completed at 251009 11:31:13
2025-10-09 11:31:13 0 [Note] Server socket created on IP: '0.0.0.0'.
2025-10-09 11:31:13 0 [Note] Server socket created on IP: '::'.
2025-10-09 11:31:13 0 [Note] mariadbd: Event Scheduler: Loaded 0 events
2025-10-09 11:31:13 0 [Note] /usr/bin/mariadbd: ready for connections.
Version: '11.4.5-MariaDB-log'  socket: '/var/run/mysqld/mysqld.sock'  port: 3306  Alpine Linux
2025-10-09 11:31:14 4 [Warning] Aborted connection 4 to db: 'unconnected' user: 'unauthenticated' host: 'localhost' (This connection closed normally without authentication)
2025-10-09 11:31:14 6 [Warning] Access denied for user 'root'@'localhost' (using password: NO)
2025-10-09 11:31:15 5 [Warning] Aborted connection 5 to db: 'unconnected' user: 'unauthenticated' host: 'bookstack.bookstack_default' (This connection closed normally without authentication)
2025-10-09 15:21:59 0 [Note] /usr/bin/mariadbd (initiated by: unknown): Normal shutdown
2025-10-09 15:21:59 0 [Note] InnoDB: FTS optimize thread exiting.
2025-10-09 15:21:59 0 [Note] InnoDB: Starting shutdown...
2025-10-09 15:21:59 0 [Note] InnoDB: Dumping buffer pool(s) to /config/databases/ib_buffer_pool
2025-10-09 15:21:59 0 [Note] InnoDB: Buffer pool(s) dump completed at 251009 15:21:59
2025-10-09 15:21:59 0 [Note] InnoDB: Removed temporary tablespace data file: "./ibtmp1"
2025-10-09 15:21:59 0 [Note] InnoDB: Shutdown completed; log sequence number 6709536; transaction id 4883
2025-10-09 15:21:59 0 [Note] /usr/bin/mariadbd: Shutdown complete
251009 15:21:59 mysqld_safe mysqld from pid file /run/mysqld/mysqld.pid ended
251009 18:21:26 mysqld_safe Starting mariadbd daemon with databases from /config/databases
2025-10-09 18:21:27 0 [Note] Starting MariaDB 11.4.5-MariaDB-log source revision 0771110266ff5c04216af4bf1243c65f8c67ccf4 server_uid dfMrkxN8wHVCMwxhTeSEa9fbr4I= as process 410
2025-10-09 18:21:27 0 [Note] InnoDB: Compressed tables use zlib 1.3.1
2025-10-09 18:21:27 0 [Note] InnoDB: Number of transaction pools: 1
2025-10-09 18:21:27 0 [Note] InnoDB: Using crc32 + pclmulqdq instructions
2025-10-09 18:21:28 0 [Note] mariadbd: O_TMPFILE is not supported on /tmp (disabling future attempts)
2025-10-09 18:21:28 0 [Note] InnoDB: Using Linux native AIO
2025-10-09 18:21:28 0 [Note] InnoDB: Initializing buffer pool, total size = 256.000MiB, chunk size = 4.000MiB
2025-10-09 18:21:28 0 [Note] InnoDB: Completed initialization of buffer pool
2025-10-09 18:21:28 0 [Note] InnoDB: File system buffers for log disabled (block size=512 bytes)
2025-10-09 18:21:28 0 [Note] InnoDB: End of log at LSN=6709536
2025-10-09 18:21:28 0 [Note] InnoDB: Opened 3 undo tablespaces
2025-10-09 18:21:28 0 [Note] InnoDB: 128 rollback segments in 3 undo tablespaces are active.
2025-10-09 18:21:28 0 [Note] InnoDB: Setting file './ibtmp1' size to 12.000MiB. Physically writing the file full; Please wait ...
2025-10-09 18:21:28 0 [Note] InnoDB: File './ibtmp1' size is now 12.000MiB.
2025-10-09 18:21:28 0 [Note] InnoDB: log sequence number 6709536; transaction id 4879
2025-10-09 18:21:28 0 [Note] InnoDB: Loading buffer pool(s) from /config/databases/ib_buffer_pool
2025-10-09 18:21:28 0 [Note] Plugin 'FEEDBACK' is disabled.
2025-10-09 18:21:28 0 [Note] Plugin 'wsrep-provider' is disabled.
2025-10-09 18:21:28 0 [Note] InnoDB: Buffer pool(s) load completed at 251009 18:21:28
2025-10-09 18:21:28 0 [Note] Binary log 'mariadb-bin.000030' is not purged because less than 'slave_connections_needed_for_purge' slaves have processed it
2025-10-09 18:21:30 0 [Note] Server socket created on IP: '0.0.0.0'.
2025-10-09 18:21:30 0 [Note] Server socket created on IP: '::'.
2025-10-09 18:21:30 0 [Note] mariadbd: Event Scheduler: Loaded 0 events
2025-10-09 18:21:30 0 [Note] /usr/bin/mariadbd: ready for connections.
Version: '11.4.5-MariaDB-log'  socket: '/var/run/mysqld/mysqld.sock'  port: 3306  Alpine Linux
2025-10-09 18:21:30 4 [Warning] Aborted connection 4 to db: 'unconnected' user: 'unauthenticated' host: 'localhost' (This connection closed normally without authentication)
2025-10-09 18:21:30 5 [Warning] Access denied for user 'root'@'localhost' (using password: NO)
2025-10-09 18:21:32 7 [Warning] Aborted connection 7 to db: 'unconnected' user: 'unauthenticated' host: 'bookstack.bookstack_default' (This connection closed normally without authentication)
2025-10-11  7:31:59 0 [Note] /usr/bin/mariadbd (initiated by: unknown): Normal shutdown
2025-10-11  7:31:59 0 [Note] InnoDB: FTS optimize thread exiting.
2025-10-11  7:31:59 0 [Note] InnoDB: Starting shutdown...
2025-10-11  7:31:59 0 [Note] InnoDB: Dumping buffer pool(s) to /config/databases/ib_buffer_pool
2025-10-11  7:31:59 0 [Note] InnoDB: Buffer pool(s) dump completed at 251011  7:31:59
2025-10-11  7:31:59 0 [Note] InnoDB: Removed temporary tablespace data file: "./ibtmp1"
2025-10-11  7:31:59 0 [Note] InnoDB: Shutdown completed; log sequence number 6740250; transaction id 4948
2025-10-11  7:31:59 0 [Note] /usr/bin/mariadbd: Shutdown complete
251011 07:31:59 mysqld_safe mysqld from pid file /run/mysqld/mysqld.pid ended
251011 08:19:46 mysqld_safe Starting mariadbd daemon with databases from /config/databases
2025-10-11  8:19:46 0 [Note] Starting MariaDB 11.4.5-MariaDB-log source revision 0771110266ff5c04216af4bf1243c65f8c67ccf4 server_uid dfMrkxN8wHVCMwxhTeSEa9fbr4I= as process 409
2025-10-11  8:19:47 0 [Note] InnoDB: Compressed tables use zlib 1.3.1
2025-10-11  8:19:47 0 [Note] InnoDB: Number of transaction pools: 1
2025-10-11  8:19:47 0 [Note] InnoDB: Using crc32 + pclmulqdq instructions
2025-10-11  8:19:47 0 [Note] mariadbd: O_TMPFILE is not supported on /tmp (disabling future attempts)
2025-10-11  8:19:47 0 [Note] InnoDB: Using Linux native AIO
2025-10-11  8:19:47 0 [Note] InnoDB: Initializing buffer pool, total size = 256.000MiB, chunk size = 4.000MiB
2025-10-11  8:19:47 0 [Note] InnoDB: Completed initialization of buffer pool
2025-10-11  8:19:47 0 [Note] InnoDB: File system buffers for log disabled (block size=512 bytes)
2025-10-11  8:19:47 0 [Note] InnoDB: End of log at LSN=6740250
2025-10-11  8:19:47 0 [Note] InnoDB: Opened 3 undo tablespaces
2025-10-11  8:19:47 0 [Note] InnoDB: 128 rollback segments in 3 undo tablespaces are active.
2025-10-11  8:19:47 0 [Note] InnoDB: Setting file './ibtmp1' size to 12.000MiB. Physically writing the file full; Please wait ...
2025-10-11  8:19:47 0 [Note] InnoDB: File './ibtmp1' size is now 12.000MiB.
2025-10-11  8:19:47 0 [Note] InnoDB: log sequence number 6740250; transaction id 4949
2025-10-11  8:19:47 0 [Note] InnoDB: Loading buffer pool(s) from /config/databases/ib_buffer_pool
2025-10-11  8:19:47 0 [Note] Plugin 'FEEDBACK' is disabled.
2025-10-11  8:19:47 0 [Note] Plugin 'wsrep-provider' is disabled.
2025-10-11  8:19:47 0 [Note] Binary log 'mariadb-bin.000030' is not purged because less than 'slave_connections_needed_for_purge' slaves have processed it
2025-10-11  8:19:47 0 [Note] InnoDB: Buffer pool(s) load completed at 251011  8:19:47
2025-10-11  8:19:49 0 [Note] Server socket created on IP: '0.0.0.0'.
2025-10-11  8:19:49 0 [Note] Server socket created on IP: '::'.
2025-10-11  8:19:49 0 [Note] mariadbd: Event Scheduler: Loaded 0 events
2025-10-11  8:19:49 0 [Note] /usr/bin/mariadbd: ready for connections.
Version: '11.4.5-MariaDB-log'  socket: '/var/run/mysqld/mysqld.sock'  port: 3306  Alpine Linux
2025-10-11  8:19:50 4 [Warning] Aborted connection 4 to db: 'unconnected' user: 'unauthenticated' host: 'localhost' (This connection closed normally without authentication)
2025-10-11  8:19:50 5 [Warning] Access denied for user 'root'@'localhost' (using password: NO)
2025-10-11  8:19:51 6 [Warning] Aborted connection 6 to db: 'unconnected' user: 'unauthenticated' host: 'bookstack.bookstack_default' (This connection closed normally without authentication)
2025-10-11 17:59:19 0 [Note] /usr/bin/mariadbd (initiated by: unknown): Normal shutdown
2025-10-11 17:59:19 0 [Note] InnoDB: FTS optimize thread exiting.
2025-10-11 17:59:19 0 [Note] InnoDB: Starting shutdown...
2025-10-11 17:59:19 0 [Note] InnoDB: Dumping buffer pool(s) to /config/databases/ib_buffer_pool
2025-10-11 17:59:19 0 [Note] InnoDB: Buffer pool(s) dump completed at 251011 17:59:19
2025-10-11 17:59:20 0 [Note] InnoDB: Removed temporary tablespace data file: "./ibtmp1"
2025-10-11 17:59:20 0 [Note] InnoDB: Shutdown completed; log sequence number 6740250; transaction id 4953
2025-10-11 17:59:20 0 [Note] /usr/bin/mariadbd: Shutdown complete
251011 17:59:20 mysqld_safe mysqld from pid file /run/mysqld/mysqld.pid ended
251011 18:46:12 mysqld_safe Starting mariadbd daemon with databases from /config/databases
2025-10-11 18:46:13 0 [Note] Starting MariaDB 11.4.5-MariaDB-log source revision 0771110266ff5c04216af4bf1243c65f8c67ccf4 server_uid p/bij/r1Ao03N7VW1YZw+uoPSAo= as process 410
2025-10-11 18:46:13 0 [Note] InnoDB: Compressed tables use zlib 1.3.1
2025-10-11 18:46:13 0 [Note] InnoDB: Number of transaction pools: 1
2025-10-11 18:46:13 0 [Note] InnoDB: Using crc32 + pclmulqdq instructions
2025-10-11 18:46:13 0 [Note] mariadbd: O_TMPFILE is not supported on /tmp (disabling future attempts)
2025-10-11 18:46:13 0 [Note] InnoDB: Using Linux native AIO
2025-10-11 18:46:13 0 [Note] InnoDB: Initializing buffer pool, total size = 256.000MiB, chunk size = 4.000MiB
2025-10-11 18:46:13 0 [Note] InnoDB: Completed initialization of buffer pool
2025-10-11 18:46:13 0 [Note] InnoDB: File system buffers for log disabled (block size=512 bytes)
2025-10-11 18:46:13 0 [Note] InnoDB: End of log at LSN=6740250
2025-10-11 18:46:13 0 [Note] InnoDB: Opened 3 undo tablespaces
2025-10-11 18:46:13 0 [Note] InnoDB: 128 rollback segments in 3 undo tablespaces are active.
2025-10-11 18:46:13 0 [Note] InnoDB: Setting file './ibtmp1' size to 12.000MiB. Physically writing the file full; Please wait ...
2025-10-11 18:46:13 0 [Note] InnoDB: File './ibtmp1' size is now 12.000MiB.
2025-10-11 18:46:13 0 [Note] InnoDB: log sequence number 6740250; transaction id 4949
2025-10-11 18:46:13 0 [Note] InnoDB: Loading buffer pool(s) from /config/databases/ib_buffer_pool
2025-10-11 18:46:13 0 [Note] Plugin 'FEEDBACK' is disabled.
2025-10-11 18:46:13 0 [Note] Plugin 'wsrep-provider' is disabled.
2025-10-11 18:46:13 0 [Note] Binary log 'mariadb-bin.000030' is not purged because less than 'slave_connections_needed_for_purge' slaves have processed it
2025-10-11 18:46:13 0 [Note] InnoDB: Buffer pool(s) load completed at 251011 18:46:13
2025-10-11 18:46:17 0 [Note] Server socket created on IP: '0.0.0.0'.
2025-10-11 18:46:17 0 [Note] Server socket created on IP: '::'.
2025-10-11 18:46:17 0 [Note] mariadbd: Event Scheduler: Loaded 0 events
2025-10-11 18:46:17 0 [Note] /usr/bin/mariadbd: ready for connections.
Version: '11.4.5-MariaDB-log'  socket: '/var/run/mysqld/mysqld.sock'  port: 3306  Alpine Linux
2025-10-11 18:46:18 5 [Warning] Aborted connection 5 to db: 'unconnected' user: 'unauthenticated' host: 'localhost' (This connection closed normally without authentication)
2025-10-11 18:46:18 6 [Warning] Access denied for user 'root'@'localhost' (using password: NO)
2025-10-11 18:46:18 4 [Warning] Aborted connection 4 to db: 'unconnected' user: 'unauthenticated' host: 'bookstack.bookstack_default' (This connection closed normally without authentication)
2025-10-12 15:46:23 0 [Note] /usr/bin/mariadbd (initiated by: unknown): Normal shutdown
2025-10-12 15:46:23 0 [Note] InnoDB: FTS optimize thread exiting.
2025-10-12 15:46:23 0 [Note] InnoDB: Starting shutdown...
2025-10-12 15:46:23 0 [Note] InnoDB: Dumping buffer pool(s) to /config/databases/ib_buffer_pool
2025-10-12 15:46:23 0 [Note] InnoDB: Buffer pool(s) dump completed at 251012 15:46:23
2025-10-12 15:46:23 0 [Note] InnoDB: Removed temporary tablespace data file: "./ibtmp1"
2025-10-12 15:46:23 0 [Note] InnoDB: Shutdown completed; log sequence number 6748635; transaction id 4988
2025-10-12 15:46:23 0 [Note] /usr/bin/mariadbd: Shutdown complete
251012 15:46:24 mysqld_safe mysqld from pid file /run/mysqld/mysqld.pid ended
251012 18:10:33 mysqld_safe Starting mariadbd daemon with databases from /config/databases
2025-10-12 18:10:34 0 [Note] Starting MariaDB 11.4.5-MariaDB-log source revision 0771110266ff5c04216af4bf1243c65f8c67ccf4 server_uid dfMrkxN8wHVCMwxhTeSEa9fbr4I= as process 408
2025-10-12 18:10:34 0 [Note] InnoDB: Compressed tables use zlib 1.3.1
2025-10-12 18:10:34 0 [Note] InnoDB: Number of transaction pools: 1
2025-10-12 18:10:34 0 [Note] InnoDB: Using crc32 + pclmulqdq instructions
2025-10-12 18:10:34 0 [Note] mariadbd: O_TMPFILE is not supported on /tmp (disabling future attempts)
2025-10-12 18:10:34 0 [Note] InnoDB: Using Linux native AIO
2025-10-12 18:10:34 0 [Note] InnoDB: Initializing buffer pool, total size = 256.000MiB, chunk size = 4.000MiB
2025-10-12 18:10:34 0 [Note] InnoDB: Completed initialization of buffer pool
2025-10-12 18:10:34 0 [Note] InnoDB: File system buffers for log disabled (block size=512 bytes)
2025-10-12 18:10:34 0 [Note] InnoDB: End of log at LSN=6748635
2025-10-12 18:10:34 0 [Note] InnoDB: Opened 3 undo tablespaces
2025-10-12 18:10:34 0 [Note] InnoDB: 128 rollback segments in 3 undo tablespaces are active.
2025-10-12 18:10:34 0 [Note] InnoDB: Setting file './ibtmp1' size to 12.000MiB. Physically writing the file full; Please wait ...
2025-10-12 18:10:34 0 [Note] InnoDB: File './ibtmp1' size is now 12.000MiB.
2025-10-12 18:10:34 0 [Note] InnoDB: log sequence number 6748635; transaction id 4989
2025-10-12 18:10:34 0 [Note] Plugin 'FEEDBACK' is disabled.
2025-10-12 18:10:34 0 [Note] Plugin 'wsrep-provider' is disabled.
2025-10-12 18:10:34 0 [Note] InnoDB: Loading buffer pool(s) from /config/databases/ib_buffer_pool
2025-10-12 18:10:34 0 [Note] Binary log 'mariadb-bin.000030' is not purged because less than 'slave_connections_needed_for_purge' slaves have processed it
2025-10-12 18:10:34 0 [Note] InnoDB: Buffer pool(s) load completed at 251012 18:10:34
2025-10-12 18:10:36 0 [Note] Server socket created on IP: '0.0.0.0'.
2025-10-12 18:10:36 0 [Note] Server socket created on IP: '::'.
2025-10-12 18:10:36 0 [Note] mariadbd: Event Scheduler: Loaded 0 events
2025-10-12 18:10:36 0 [Note] /usr/bin/mariadbd: ready for connections.
Version: '11.4.5-MariaDB-log'  socket: '/var/run/mysqld/mysqld.sock'  port: 3306  Alpine Linux
2025-10-12 18:10:36 4 [Warning] Aborted connection 4 to db: 'unconnected' user: 'unauthenticated' host: 'localhost' (This connection closed normally without authentication)
2025-10-12 18:10:36 5 [Warning] Access denied for user 'root'@'localhost' (using password: NO)
2025-10-12 18:10:38 7 [Warning] Aborted connection 7 to db: 'unconnected' user: 'unauthenticated' host: 'bookstack.bookstack_default' (This connection closed normally without authentication)
2025-10-12 19:20:59 0 [Note] /usr/bin/mariadbd (initiated by: unknown): Normal shutdown
2025-10-12 19:20:59 0 [Note] InnoDB: FTS optimize thread exiting.
2025-10-12 19:20:59 0 [Note] InnoDB: Starting shutdown...
2025-10-12 19:20:59 0 [Note] InnoDB: Dumping buffer pool(s) to /config/databases/ib_buffer_pool
2025-10-12 19:20:59 0 [Note] InnoDB: Buffer pool(s) dump completed at 251012 19:20:59
2025-10-12 19:20:59 0 [Note] InnoDB: Removed temporary tablespace data file: "./ibtmp1"
2025-10-12 19:20:59 0 [Note] InnoDB: Shutdown completed; log sequence number 6748635; transaction id 4991
2025-10-12 19:20:59 0 [Note] /usr/bin/mariadbd: Shutdown complete
251012 19:20:59 mysqld_safe mysqld from pid file /run/mysqld/mysqld.pid ended
251012 19:41:46 mysqld_safe Starting mariadbd daemon with databases from /config/databases
2025-10-12 19:41:47 0 [Note] Starting MariaDB 11.4.5-MariaDB-log source revision 0771110266ff5c04216af4bf1243c65f8c67ccf4 server_uid dfMrkxN8wHVCMwxhTeSEa9fbr4I= as process 409
2025-10-12 19:41:47 0 [Note] InnoDB: Compressed tables use zlib 1.3.1
2025-10-12 19:41:47 0 [Note] InnoDB: Number of transaction pools: 1
2025-10-12 19:41:47 0 [Note] InnoDB: Using crc32 + pclmulqdq instructions
2025-10-12 19:41:47 0 [Note] mariadbd: O_TMPFILE is not supported on /tmp (disabling future attempts)
2025-10-12 19:41:47 0 [Note] InnoDB: Using Linux native AIO
2025-10-12 19:41:47 0 [Note] InnoDB: Initializing buffer pool, total size = 256.000MiB, chunk size = 4.000MiB
2025-10-12 19:41:47 0 [Note] InnoDB: Completed initialization of buffer pool
2025-10-12 19:41:47 0 [Note] InnoDB: File system buffers for log disabled (block size=512 bytes)
2025-10-12 19:41:47 0 [Note] InnoDB: End of log at LSN=6748635
2025-10-12 19:41:47 0 [Note] InnoDB: Opened 3 undo tablespaces
2025-10-12 19:41:47 0 [Note] InnoDB: 128 rollback segments in 3 undo tablespaces are active.
2025-10-12 19:41:47 0 [Note] InnoDB: Setting file './ibtmp1' size to 12.000MiB. Physically writing the file full; Please wait ...
2025-10-12 19:41:47 0 [Note] InnoDB: File './ibtmp1' size is now 12.000MiB.
2025-10-12 19:41:47 0 [Note] InnoDB: log sequence number 6748635; transaction id 4989
2025-10-12 19:41:47 0 [Note] Plugin 'FEEDBACK' is disabled.
2025-10-12 19:41:47 0 [Note] Plugin 'wsrep-provider' is disabled.
2025-10-12 19:41:47 0 [Note] InnoDB: Loading buffer pool(s) from /config/databases/ib_buffer_pool
2025-10-12 19:41:47 0 [Note] Binary log 'mariadb-bin.000030' is not purged because less than 'slave_connections_needed_for_purge' slaves have processed it
2025-10-12 19:41:47 0 [Note] InnoDB: Buffer pool(s) load completed at 251012 19:41:47
2025-10-12 19:41:50 0 [Note] Server socket created on IP: '0.0.0.0'.
2025-10-12 19:41:50 0 [Note] Server socket created on IP: '::'.
2025-10-12 19:41:50 0 [Note] mariadbd: Event Scheduler: Loaded 0 events
2025-10-12 19:41:50 0 [Note] /usr/bin/mariadbd: ready for connections.
Version: '11.4.5-MariaDB-log'  socket: '/var/run/mysqld/mysqld.sock'  port: 3306  Alpine Linux
2025-10-12 19:41:51 5 [Warning] Aborted connection 5 to db: 'unconnected' user: 'unauthenticated' host: 'localhost' (This connection closed normally without authentication)
2025-10-12 19:41:51 6 [Warning] Access denied for user 'root'@'localhost' (using password: NO)
2025-10-12 19:41:51 4 [Warning] Aborted connection 4 to db: 'unconnected' user: 'unauthenticated' host: 'bookstack.bookstack_default' (This connection closed normally without authentication)
2025-10-14  9:00:56 0 [Note] /usr/bin/mariadbd (initiated by: unknown): Normal shutdown
2025-10-14  9:00:56 0 [Note] InnoDB: FTS optimize thread exiting.
2025-10-14  9:00:56 0 [Note] InnoDB: Starting shutdown...
2025-10-14  9:00:56 0 [Note] InnoDB: Dumping buffer pool(s) to /config/databases/ib_buffer_pool
2025-10-14  9:00:56 0 [Note] InnoDB: Buffer pool(s) dump completed at 251014  9:00:56
2025-10-14  9:00:56 0 [Note] InnoDB: Removed temporary tablespace data file: "./ibtmp1"
2025-10-14  9:00:56 0 [Note] InnoDB: Shutdown completed; log sequence number 6935552; transaction id 5088
2025-10-14  9:00:56 0 [Note] /usr/bin/mariadbd: Shutdown complete
251014 09:00:56 mysqld_safe mysqld from pid file /run/mysqld/mysqld.pid ended
251014 09:54:09 mysqld_safe Starting mariadbd daemon with databases from /config/databases
2025-10-14  9:54:18 0 [Note] Starting MariaDB 11.4.5-MariaDB-log source revision 0771110266ff5c04216af4bf1243c65f8c67ccf4 server_uid p/bij/r1Ao03N7VW1YZw+uoPSAo= as process 411
2025-10-14  9:54:19 0 [Note] InnoDB: Compressed tables use zlib 1.3.1
2025-10-14  9:54:19 0 [Note] InnoDB: Number of transaction pools: 1
2025-10-14  9:54:19 0 [Note] InnoDB: Using crc32 + pclmulqdq instructions
2025-10-14  9:54:19 0 [Note] mariadbd: O_TMPFILE is not supported on /tmp (disabling future attempts)
2025-10-14  9:54:19 0 [Note] InnoDB: Using Linux native AIO
2025-10-14  9:54:19 0 [Note] InnoDB: Initializing buffer pool, total size = 256.000MiB, chunk size = 4.000MiB
2025-10-14  9:54:19 0 [Note] InnoDB: Completed initialization of buffer pool
2025-10-14  9:54:19 0 [Note] InnoDB: File system buffers for log disabled (block size=512 bytes)
2025-10-14  9:54:20 0 [Note] InnoDB: End of log at LSN=6935552
2025-10-14  9:54:22 0 [Note] InnoDB: Opened 3 undo tablespaces
2025-10-14  9:54:22 0 [Note] InnoDB: 128 rollback segments in 3 undo tablespaces are active.
2025-10-14  9:54:22 0 [Note] InnoDB: Setting file './ibtmp1' size to 12.000MiB. Physically writing the file full; Please wait ...
2025-10-14  9:54:22 0 [Note] InnoDB: File './ibtmp1' size is now 12.000MiB.
2025-10-14  9:54:22 0 [Note] InnoDB: log sequence number 6935552; transaction id 5089
2025-10-14  9:54:22 0 [Note] Plugin 'FEEDBACK' is disabled.
2025-10-14  9:54:22 0 [Note] Plugin 'wsrep-provider' is disabled.
2025-10-14  9:54:22 0 [Note] InnoDB: Loading buffer pool(s) from /config/databases/ib_buffer_pool
2025-10-14  9:54:23 0 [Note] Binary log 'mariadb-bin.000030' is not purged because less than 'slave_connections_needed_for_purge' slaves have processed it
2025-10-14  9:54:25 0 [Note] Server socket created on IP: '0.0.0.0'.
2025-10-14  9:54:25 0 [Note] Server socket created on IP: '::'.
2025-10-14  9:54:25 0 [Note] InnoDB: Buffer pool(s) load completed at 251014  9:54:25
2025-10-14  9:54:26 0 [Note] mariadbd: Event Scheduler: Loaded 0 events
2025-10-14  9:54:26 0 [Note] /usr/bin/mariadbd: ready for connections.
Version: '11.4.5-MariaDB-log'  socket: '/var/run/mysqld/mysqld.sock'  port: 3306  Alpine Linux
2025-10-14  9:54:26 5 [Warning] Aborted connection 5 to db: 'unconnected' user: 'unauthenticated' host: 'localhost' (This connection closed normally without authentication)
2025-10-14  9:54:26 6 [Warning] Access denied for user 'root'@'localhost' (using password: NO)
2025-10-14  9:54:27 4 [Warning] Aborted connection 4 to db: 'unconnected' user: 'unauthenticated' host: 'bookstack.bookstack_default' (This connection closed normally without authentication)
2025-10-18 11:51:03 0 [Note] /usr/bin/mariadbd (initiated by: unknown): Normal shutdown
2025-10-18 11:51:04 0 [Note] InnoDB: FTS optimize thread exiting.
251018 12:56:26 mysqld_safe Starting mariadbd daemon with databases from /config/databases
2025-10-18 12:56:35 0 [Note] Starting MariaDB 11.4.5-MariaDB-log source revision 0771110266ff5c04216af4bf1243c65f8c67ccf4 server_uid dfMrkxN8wHVCMwxhTeSEa9fbr4I= as process 412
2025-10-18 12:56:37 0 [Note] InnoDB: Compressed tables use zlib 1.3.1
2025-10-18 12:56:37 0 [Note] InnoDB: Number of transaction pools: 1
2025-10-18 12:56:37 0 [Note] InnoDB: Using crc32 + pclmulqdq instructions
2025-10-18 12:56:37 0 [Note] mariadbd: O_TMPFILE is not supported on /tmp (disabling future attempts)
2025-10-18 12:56:37 0 [Note] InnoDB: Using Linux native AIO
2025-10-18 12:56:37 0 [Note] InnoDB: Initializing buffer pool, total size = 256.000MiB, chunk size = 4.000MiB
2025-10-18 12:56:37 0 [Note] InnoDB: Completed initialization of buffer pool
2025-10-18 12:56:37 0 [Note] InnoDB: File system buffers for log disabled (block size=512 bytes)
2025-10-18 12:56:38 0 [Note] InnoDB: Starting crash recovery from checkpoint LSN=6935536
2025-10-18 12:56:39 0 [Note] InnoDB: End of log at LSN=7526505
2025-10-18 12:56:39 0 [Note] InnoDB: To recover: 199 pages
2025-10-18 12:56:40 0 [Note] InnoDB: Last binlog file '/config/log/mysql/mariadb-bin.000045', position 321260
2025-10-18 12:56:40 0 [Note] InnoDB: Opened 3 undo tablespaces
2025-10-18 12:56:40 0 [Note] InnoDB: 128 rollback segments in 3 undo tablespaces are active.
2025-10-18 12:56:40 0 [Note] InnoDB: Removed temporary tablespace data file: "./ibtmp1"
2025-10-18 12:56:40 0 [Note] InnoDB: Setting file './ibtmp1' size to 12.000MiB. Physically writing the file full; Please wait ...
2025-10-18 12:56:40 0 [Note] InnoDB: File './ibtmp1' size is now 12.000MiB.
2025-10-18 12:56:40 0 [Note] InnoDB: log sequence number 7526505; transaction id 5404
2025-10-18 12:56:40 0 [Note] InnoDB: Loading buffer pool(s) from /config/databases/ib_buffer_pool
2025-10-18 12:56:40 0 [Note] Plugin 'FEEDBACK' is disabled.
2025-10-18 12:56:40 0 [Note] Plugin 'wsrep-provider' is disabled.
2025-10-18 12:56:42 0 [Note] Binary log 'mariadb-bin.000030' is not purged because less than 'slave_connections_needed_for_purge' slaves have processed it
2025-10-18 12:56:43 0 [Note] InnoDB: Buffer pool(s) load completed at 251018 12:56:43
2025-10-18 12:56:46 0 [Note] Server socket created on IP: '0.0.0.0'.
2025-10-18 12:56:46 0 [Note] Server socket created on IP: '::'.
2025-10-18 12:56:48 0 [Note] mariadbd: Event Scheduler: Loaded 0 events
2025-10-18 12:56:48 0 [Note] /usr/bin/mariadbd: ready for connections.
Version: '11.4.5-MariaDB-log'  socket: '/var/run/mysqld/mysqld.sock'  port: 3306  Alpine Linux
2025-10-18 12:56:48 5 [Warning] Aborted connection 5 to db: 'unconnected' user: 'unauthenticated' host: 'localhost' (This connection closed normally without authentication)
2025-10-18 12:56:48 4 [Warning] Aborted connection 4 to db: 'unconnected' user: 'unauthenticated' host: 'bookstack.bookstack_default' (This connection closed normally without authentication)
2025-10-18 12:56:48 6 [Warning] Access denied for user 'root'@'localhost' (using password: NO)
2025-10-18 12:56:49 7 [Warning] Aborted connection 7 to db: 'unconnected' user: 'unauthenticated' host: 'bookstack.bookstack_default' (This connection closed normally without authentication)
2025-10-19 19:14:51 0 [Note] /usr/bin/mariadbd (initiated by: unknown): Normal shutdown
2025-10-19 19:14:51 0 [Note] InnoDB: FTS optimize thread exiting.
2025-10-19 19:14:51 0 [Note] InnoDB: Starting shutdown...
2025-10-19 19:14:51 0 [Note] InnoDB: Dumping buffer pool(s) to /config/databases/ib_buffer_pool
2025-10-19 19:14:51 0 [Note] InnoDB: Buffer pool(s) dump completed at 251019 19:14:51
2025-10-19 19:14:52 0 [Note] InnoDB: Removed temporary tablespace data file: "./ibtmp1"
2025-10-19 19:14:52 0 [Note] InnoDB: Shutdown completed; log sequence number 7527147; transaction id 5408
2025-10-19 19:14:52 0 [Note] /usr/bin/mariadbd: Shutdown complete
251019 19:14:52 mysqld_safe mysqld from pid file /run/mysqld/mysqld.pid ended
251019 19:43:54 mysqld_safe Starting mariadbd daemon with databases from /config/databases
2025-10-19 19:44:02 0 [Note] Starting MariaDB 11.4.5-MariaDB-log source revision 0771110266ff5c04216af4bf1243c65f8c67ccf4 server_uid dfMrkxN8wHVCMwxhTeSEa9fbr4I= as process 410
2025-10-19 19:44:03 0 [Note] InnoDB: Compressed tables use zlib 1.3.1
2025-10-19 19:44:03 0 [Note] InnoDB: Number of transaction pools: 1
2025-10-19 19:44:03 0 [Note] InnoDB: Using crc32 + pclmulqdq instructions
2025-10-19 19:44:03 0 [Note] mariadbd: O_TMPFILE is not supported on /tmp (disabling future attempts)
2025-10-19 19:44:03 0 [Note] InnoDB: Using Linux native AIO
2025-10-19 19:44:03 0 [Note] InnoDB: Initializing buffer pool, total size = 256.000MiB, chunk size = 4.000MiB
2025-10-19 19:44:03 0 [Note] InnoDB: Completed initialization of buffer pool
2025-10-19 19:44:03 0 [Note] InnoDB: File system buffers for log disabled (block size=512 bytes)
2025-10-19 19:44:04 0 [Note] InnoDB: End of log at LSN=7527147
2025-10-19 19:44:13 0 [Note] InnoDB: Opened 3 undo tablespaces
2025-10-19 19:44:13 0 [Note] InnoDB: 128 rollback segments in 3 undo tablespaces are active.
2025-10-19 19:44:14 0 [Note] InnoDB: Setting file './ibtmp1' size to 12.000MiB. Physically writing the file full; Please wait ...
2025-10-19 19:44:14 0 [Note] InnoDB: File './ibtmp1' size is now 12.000MiB.
2025-10-19 19:44:14 0 [Note] InnoDB: log sequence number 7527147; transaction id 5404
2025-10-19 19:44:14 0 [Note] InnoDB: Loading buffer pool(s) from /config/databases/ib_buffer_pool
2025-10-19 19:44:14 0 [Note] Plugin 'FEEDBACK' is disabled.
2025-10-19 19:44:14 0 [Note] Plugin 'wsrep-provider' is disabled.
2025-10-19 19:44:17 0 [Note] Binary log 'mariadb-bin.000030' is not purged because less than 'slave_connections_needed_for_purge' slaves have processed it
2025-10-19 19:44:18 0 [Note] InnoDB: Buffer pool(s) load completed at 251019 19:44:18
2025-10-19 19:44:20 0 [Note] Server socket created on IP: '0.0.0.0'.
2025-10-19 19:44:20 0 [Note] Server socket created on IP: '::'.
2025-10-19 19:44:21 0 [Note] mariadbd: Event Scheduler: Loaded 0 events
2025-10-19 19:44:21 0 [Note] /usr/bin/mariadbd: ready for connections.
Version: '11.4.5-MariaDB-log'  socket: '/var/run/mysqld/mysqld.sock'  port: 3306  Alpine Linux
2025-10-19 19:44:21 5 [Warning] Aborted connection 5 to db: 'unconnected' user: 'unauthenticated' host: 'localhost' (This connection closed normally without authentication)
2025-10-19 19:44:21 6 [Warning] Access denied for user 'root'@'localhost' (using password: NO)
2025-10-19 19:44:22 4 [Warning] Aborted connection 4 to db: 'unconnected' user: 'unauthenticated' host: 'bookstack.bookstack_default' (This connection closed normally without authentication)
2025-10-20  7:28:54 0 [Note] /usr/bin/mariadbd (initiated by: unknown): Normal shutdown
2025-10-20  7:28:54 0 [Note] InnoDB: FTS optimize thread exiting.
2025-10-20  7:28:54 0 [Note] InnoDB: Starting shutdown...
2025-10-20  7:28:54 0 [Note] InnoDB: Dumping buffer pool(s) to /config/databases/ib_buffer_pool
2025-10-20  7:28:54 0 [Note] InnoDB: Buffer pool(s) dump completed at 251020  7:28:54
2025-10-20  7:28:55 0 [Note] InnoDB: Removed temporary tablespace data file: "./ibtmp1"
2025-10-20  7:28:55 0 [Note] InnoDB: Shutdown completed; log sequence number 7527147; transaction id 5408
2025-10-20  7:28:55 0 [Note] /usr/bin/mariadbd: Shutdown complete
251020 07:28:55 mysqld_safe mysqld from pid file /run/mysqld/mysqld.pid ended
251020 13:29:05 mysqld_safe Starting mariadbd daemon with databases from /config/databases
2025-10-20 13:29:13 0 [Note] Starting MariaDB 11.4.5-MariaDB-log source revision 0771110266ff5c04216af4bf1243c65f8c67ccf4 server_uid dfMrkxN8wHVCMwxhTeSEa9fbr4I= as process 411
2025-10-20 13:29:13 0 [Note] InnoDB: Compressed tables use zlib 1.3.1
2025-10-20 13:29:13 0 [Note] InnoDB: Number of transaction pools: 1
2025-10-20 13:29:13 0 [Note] InnoDB: Using crc32 + pclmulqdq instructions
2025-10-20 13:29:13 0 [Note] mariadbd: O_TMPFILE is not supported on /tmp (disabling future attempts)
2025-10-20 13:29:13 0 [Note] InnoDB: Using Linux native AIO
2025-10-20 13:29:13 0 [Note] InnoDB: Initializing buffer pool, total size = 256.000MiB, chunk size = 4.000MiB
2025-10-20 13:29:13 0 [Note] InnoDB: Completed initialization of buffer pool
2025-10-20 13:29:13 0 [Note] InnoDB: File system buffers for log disabled (block size=512 bytes)
2025-10-20 13:29:14 0 [Note] InnoDB: End of log at LSN=7527147
2025-10-20 13:29:15 0 [Note] InnoDB: Opened 3 undo tablespaces
2025-10-20 13:29:15 0 [Note] InnoDB: 128 rollback segments in 3 undo tablespaces are active.
2025-10-20 13:29:15 0 [Note] InnoDB: Setting file './ibtmp1' size to 12.000MiB. Physically writing the file full; Please wait ...
2025-10-20 13:29:15 0 [Note] InnoDB: File './ibtmp1' size is now 12.000MiB.
2025-10-20 13:29:15 0 [Note] InnoDB: log sequence number 7527147; transaction id 5404
2025-10-20 13:29:15 0 [Note] InnoDB: Loading buffer pool(s) from /config/databases/ib_buffer_pool
2025-10-20 13:29:15 0 [Note] Plugin 'FEEDBACK' is disabled.
2025-10-20 13:29:15 0 [Note] Plugin 'wsrep-provider' is disabled.
2025-10-20 13:29:16 0 [Note] Binary log 'mariadb-bin.000030' is not purged because less than 'slave_connections_needed_for_purge' slaves have processed it
2025-10-20 13:29:17 0 [Note] InnoDB: Buffer pool(s) load completed at 251020 13:29:17
2025-10-20 13:29:18 0 [Note] Server socket created on IP: '0.0.0.0'.
2025-10-20 13:29:18 0 [Note] Server socket created on IP: '::'.
2025-10-20 13:29:19 0 [Note] mariadbd: Event Scheduler: Loaded 0 events
2025-10-20 13:29:19 0 [Note] /usr/bin/mariadbd: ready for connections.
Version: '11.4.5-MariaDB-log'  socket: '/var/run/mysqld/mysqld.sock'  port: 3306  Alpine Linux
2025-10-20 13:29:19 4 [Warning] Aborted connection 4 to db: 'unconnected' user: 'unauthenticated' host: 'localhost' (This connection closed normally without authentication)
2025-10-20 13:29:19 6 [Warning] Access denied for user 'root'@'localhost' (using password: NO)
2025-10-20 13:29:20 5 [Warning] Aborted connection 5 to db: 'unconnected' user: 'unauthenticated' host: 'bookstack.bookstack_default' (This connection closed normally without authentication)
2025-10-20 18:58:26 0 [Note] /usr/bin/mariadbd (initiated by: unknown): Normal shutdown
2025-10-20 18:58:26 0 [Note] InnoDB: FTS optimize thread exiting.
2025-10-20 18:58:26 0 [Note] InnoDB: Starting shutdown...
2025-10-20 18:58:26 0 [Note] InnoDB: Dumping buffer pool(s) to /config/databases/ib_buffer_pool
2025-10-20 18:58:26 0 [Note] InnoDB: Buffer pool(s) dump completed at 251020 18:58:26
2025-10-20 18:58:27 0 [Note] InnoDB: Removed temporary tablespace data file: "./ibtmp1"
2025-10-20 18:58:27 0 [Note] InnoDB: Shutdown completed; log sequence number 7529411; transaction id 5439
2025-10-20 18:58:27 0 [Note] /usr/bin/mariadbd: Shutdown complete
251020 18:58:27 mysqld_safe mysqld from pid file /run/mysqld/mysqld.pid ended
251020 19:16:34 mysqld_safe Starting mariadbd daemon with databases from /config/databases
2025-10-20 19:16:42 0 [Note] Starting MariaDB 11.4.5-MariaDB-log source revision 0771110266ff5c04216af4bf1243c65f8c67ccf4 server_uid dfMrkxN8wHVCMwxhTeSEa9fbr4I= as process 411
2025-10-20 19:16:43 0 [Note] InnoDB: Compressed tables use zlib 1.3.1
2025-10-20 19:16:43 0 [Note] InnoDB: Number of transaction pools: 1
2025-10-20 19:16:43 0 [Note] InnoDB: Using crc32 + pclmulqdq instructions
2025-10-20 19:16:43 0 [Note] mariadbd: O_TMPFILE is not supported on /tmp (disabling future attempts)
2025-10-20 19:16:43 0 [Note] InnoDB: Using Linux native AIO
2025-10-20 19:16:43 0 [Note] InnoDB: Initializing buffer pool, total size = 256.000MiB, chunk size = 4.000MiB
2025-10-20 19:16:43 0 [Note] InnoDB: Completed initialization of buffer pool
2025-10-20 19:16:43 0 [Note] InnoDB: File system buffers for log disabled (block size=512 bytes)
2025-10-20 19:16:44 0 [Note] InnoDB: End of log at LSN=7529411
2025-10-20 19:16:45 0 [Note] InnoDB: Opened 3 undo tablespaces
2025-10-20 19:16:45 0 [Note] InnoDB: 128 rollback segments in 3 undo tablespaces are active.
2025-10-20 19:16:45 0 [Note] InnoDB: Setting file './ibtmp1' size to 12.000MiB. Physically writing the file full; Please wait ...
2025-10-20 19:16:45 0 [Note] InnoDB: File './ibtmp1' size is now 12.000MiB.
2025-10-20 19:16:45 0 [Note] InnoDB: log sequence number 7529411; transaction id 5440
2025-10-20 19:16:45 0 [Note] InnoDB: Loading buffer pool(s) from /config/databases/ib_buffer_pool
2025-10-20 19:16:45 0 [Note] Plugin 'FEEDBACK' is disabled.
2025-10-20 19:16:45 0 [Note] Plugin 'wsrep-provider' is disabled.
2025-10-20 19:16:46 0 [Note] Binary log 'mariadb-bin.000030' is not purged because less than 'slave_connections_needed_for_purge' slaves have processed it
2025-10-20 19:16:48 0 [Note] InnoDB: Buffer pool(s) load completed at 251020 19:16:48
2025-10-20 19:16:49 0 [Note] Server socket created on IP: '0.0.0.0'.
2025-10-20 19:16:49 0 [Note] Server socket created on IP: '::'.
2025-10-20 19:16:50 0 [Note] mariadbd: Event Scheduler: Loaded 0 events
2025-10-20 19:16:50 0 [Note] /usr/bin/mariadbd: ready for connections.
Version: '11.4.5-MariaDB-log'  socket: '/var/run/mysqld/mysqld.sock'  port: 3306  Alpine Linux
2025-10-20 19:16:50 4 [Warning] Aborted connection 4 to db: 'unconnected' user: 'unauthenticated' host: 'localhost' (This connection closed normally without authentication)
2025-10-20 19:16:51 6 [Warning] Access denied for user 'root'@'localhost' (using password: NO)
2025-10-20 19:16:51 5 [Warning] Aborted connection 5 to db: 'unconnected' user: 'unauthenticated' host: 'bookstack.bookstack_default' (This connection closed normally without authentication)
2025-10-20 19:46:42 0 [Note] /usr/bin/mariadbd (initiated by: unknown): Normal shutdown
2025-10-20 19:46:42 0 [Note] InnoDB: FTS optimize thread exiting.
2025-10-20 19:46:42 0 [Note] InnoDB: Starting shutdown...
2025-10-20 19:46:42 0 [Note] InnoDB: Dumping buffer pool(s) to /config/databases/ib_buffer_pool
2025-10-20 19:46:42 0 [Note] InnoDB: Buffer pool(s) dump completed at 251020 19:46:42
2025-10-20 19:46:42 0 [Note] InnoDB: Removed temporary tablespace data file: "./ibtmp1"
2025-10-20 19:46:42 0 [Note] InnoDB: Shutdown completed; log sequence number 7529411; transaction id 5444
2025-10-20 19:46:42 0 [Note] /usr/bin/mariadbd: Shutdown complete
251020 19:46:42 mysqld_safe mysqld from pid file /run/mysqld/mysqld.pid ended
251020 19:47:15 mysqld_safe Starting mariadbd daemon with databases from /config/databases
2025-10-20 19:47:16 0 [Note] Starting MariaDB 11.4.5-MariaDB-log source revision 0771110266ff5c04216af4bf1243c65f8c67ccf4 server_uid p/bij/r1Ao03N7VW1YZw+uoPSAo= as process 409
2025-10-20 19:47:16 0 [Note] InnoDB: Compressed tables use zlib 1.3.1
2025-10-20 19:47:16 0 [Note] InnoDB: Number of transaction pools: 1
2025-10-20 19:47:16 0 [Note] InnoDB: Using crc32 + pclmulqdq instructions
2025-10-20 19:47:16 0 [Note] mariadbd: O_TMPFILE is not supported on /tmp (disabling future attempts)
2025-10-20 19:47:16 0 [Note] InnoDB: Using Linux native AIO
2025-10-20 19:47:16 0 [Note] InnoDB: Initializing buffer pool, total size = 256.000MiB, chunk size = 4.000MiB
2025-10-20 19:47:16 0 [Note] InnoDB: Completed initialization of buffer pool
2025-10-20 19:47:16 0 [Note] InnoDB: File system buffers for log disabled (block size=512 bytes)
2025-10-20 19:47:16 0 [Note] InnoDB: End of log at LSN=7529411
2025-10-20 19:47:16 0 [Note] InnoDB: Opened 3 undo tablespaces
2025-10-20 19:47:16 0 [Note] InnoDB: 128 rollback segments in 3 undo tablespaces are active.
2025-10-20 19:47:16 0 [Note] InnoDB: Setting file './ibtmp1' size to 12.000MiB. Physically writing the file full; Please wait ...
2025-10-20 19:47:16 0 [Note] InnoDB: File './ibtmp1' size is now 12.000MiB.
2025-10-20 19:47:16 0 [Note] InnoDB: log sequence number 7529411; transaction id 5440
2025-10-20 19:47:16 0 [Note] InnoDB: Loading buffer pool(s) from /config/databases/ib_buffer_pool
2025-10-20 19:47:16 0 [Note] Plugin 'FEEDBACK' is disabled.
2025-10-20 19:47:16 0 [Note] Plugin 'wsrep-provider' is disabled.
2025-10-20 19:47:17 0 [Note] Binary log 'mariadb-bin.000030' is not purged because less than 'slave_connections_needed_for_purge' slaves have processed it
2025-10-20 19:47:17 0 [Note] InnoDB: Buffer pool(s) load completed at 251020 19:47:17
2025-10-20 19:47:18 0 [Note] Server socket created on IP: '0.0.0.0'.
2025-10-20 19:47:18 0 [Note] Server socket created on IP: '::'.
2025-10-20 19:47:18 0 [Note] mariadbd: Event Scheduler: Loaded 0 events
2025-10-20 19:47:18 0 [Note] /usr/bin/mariadbd: ready for connections.
Version: '11.4.5-MariaDB-log'  socket: '/var/run/mysqld/mysqld.sock'  port: 3306  Alpine Linux
2025-10-20 19:47:19 5 [Warning] Aborted connection 5 to db: 'unconnected' user: 'unauthenticated' host: 'localhost' (This connection closed normally without authentication)
2025-10-20 19:47:19 6 [Warning] Access denied for user 'root'@'localhost' (using password: NO)
2025-10-20 19:47:19 4 [Warning] Aborted connection 4 to db: 'unconnected' user: 'unauthenticated' host: 'bookstack.bookstack_default' (This connection closed normally without authentication)
2025-10-21 17:48:16 0 [Note] /usr/bin/mariadbd (initiated by: unknown): Normal shutdown
2025-10-21 17:48:16 0 [Note] InnoDB: FTS optimize thread exiting.
2025-10-21 17:48:16 0 [Note] InnoDB: Starting shutdown...
2025-10-21 17:48:16 0 [Note] InnoDB: Dumping buffer pool(s) to /config/databases/ib_buffer_pool
2025-10-21 17:48:16 0 [Note] InnoDB: Buffer pool(s) dump completed at 251021 17:48:16
2025-10-21 17:48:16 0 [Note] InnoDB: Removed temporary tablespace data file: "./ibtmp1"
2025-10-21 17:48:16 0 [Note] InnoDB: Shutdown completed; log sequence number 7529411; transaction id 5444
2025-10-21 17:48:17 0 [Note] /usr/bin/mariadbd: Shutdown complete
251021 17:48:17 mysqld_safe mysqld from pid file /run/mysqld/mysqld.pid ended
251021 19:22:06 mysqld_safe Starting mariadbd daemon with databases from /config/databases
2025-10-21 19:22:07 0 [Note] Starting MariaDB 11.4.5-MariaDB-log source revision 0771110266ff5c04216af4bf1243c65f8c67ccf4 server_uid p/bij/r1Ao03N7VW1YZw+uoPSAo= as process 409
2025-10-21 19:22:07 0 [Note] InnoDB: Compressed tables use zlib 1.3.1
2025-10-21 19:22:07 0 [Note] InnoDB: Number of transaction pools: 1
2025-10-21 19:22:07 0 [Note] InnoDB: Using crc32 + pclmulqdq instructions
2025-10-21 19:22:07 0 [Note] mariadbd: O_TMPFILE is not supported on /tmp (disabling future attempts)
2025-10-21 19:22:07 0 [Note] InnoDB: Using Linux native AIO
2025-10-21 19:22:07 0 [Note] InnoDB: Initializing buffer pool, total size = 256.000MiB, chunk size = 4.000MiB
2025-10-21 19:22:07 0 [Note] InnoDB: Completed initialization of buffer pool
2025-10-21 19:22:07 0 [Note] InnoDB: File system buffers for log disabled (block size=512 bytes)
2025-10-21 19:22:07 0 [Note] InnoDB: End of log at LSN=7529411
2025-10-21 19:22:07 0 [Note] InnoDB: Opened 3 undo tablespaces
2025-10-21 19:22:07 0 [Note] InnoDB: 128 rollback segments in 3 undo tablespaces are active.
2025-10-21 19:22:07 0 [Note] InnoDB: Setting file './ibtmp1' size to 12.000MiB. Physically writing the file full; Please wait ...
2025-10-21 19:22:07 0 [Note] InnoDB: File './ibtmp1' size is now 12.000MiB.
2025-10-21 19:22:07 0 [Note] InnoDB: log sequence number 7529411; transaction id 5440
2025-10-21 19:22:07 0 [Note] Plugin 'FEEDBACK' is disabled.
2025-10-21 19:22:07 0 [Note] Plugin 'wsrep-provider' is disabled.
2025-10-21 19:22:07 0 [Note] InnoDB: Loading buffer pool(s) from /config/databases/ib_buffer_pool
2025-10-21 19:22:08 0 [Note] Binary log 'mariadb-bin.000030' is not purged because less than 'slave_connections_needed_for_purge' slaves have processed it
2025-10-21 19:22:08 0 [Note] InnoDB: Buffer pool(s) load completed at 251021 19:22:08
2025-10-21 19:22:09 0 [Note] Server socket created on IP: '0.0.0.0'.
2025-10-21 19:22:09 0 [Note] Server socket created on IP: '::'.
2025-10-21 19:22:09 0 [Note] mariadbd: Event Scheduler: Loaded 0 events
2025-10-21 19:22:09 0 [Note] /usr/bin/mariadbd: ready for connections.
Version: '11.4.5-MariaDB-log'  socket: '/var/run/mysqld/mysqld.sock'  port: 3306  Alpine Linux
2025-10-21 19:22:09 5 [Warning] Aborted connection 5 to db: 'unconnected' user: 'unauthenticated' host: 'localhost' (This connection closed normally without authentication)
2025-10-21 19:22:10 6 [Warning] Access denied for user 'root'@'localhost' (using password: NO)
2025-10-21 19:22:10 4 [Warning] Aborted connection 4 to db: 'unconnected' user: 'unauthenticated' host: 'bookstack.bookstack_default' (This connection closed normally without authentication)
2025-11-07 17:24:07 0 [Note] /usr/bin/mariadbd (initiated by: unknown): Normal shutdown
2025-11-07 17:24:07 0 [Note] InnoDB: FTS optimize thread exiting.
2025-11-07 17:24:07 0 [Note] InnoDB: Starting shutdown...
2025-11-07 17:24:07 0 [Note] InnoDB: Dumping buffer pool(s) to /config/databases/ib_buffer_pool
2025-11-07 17:24:07 0 [Note] InnoDB: Buffer pool(s) dump completed at 251107 17:24:07
2025-11-07 17:24:07 0 [Note] InnoDB: Removed temporary tablespace data file: "./ibtmp1"
2025-11-07 17:24:07 0 [Note] InnoDB: Shutdown completed; log sequence number 9189395; transaction id 5897
2025-11-07 17:24:07 0 [Note] /usr/bin/mariadbd: Shutdown complete
251107 17:24:08 mysqld_safe mysqld from pid file /run/mysqld/mysqld.pid ended
251107 18:15:00 mysqld_safe Starting mariadbd daemon with databases from /config/databases
2025-11-07 18:15:00 0 [Note] Starting MariaDB 11.4.5-MariaDB-log source revision 0771110266ff5c04216af4bf1243c65f8c67ccf4 server_uid dfMrkxN8wHVCMwxhTeSEa9fbr4I= as process 409
2025-11-07 18:15:01 0 [Note] InnoDB: Compressed tables use zlib 1.3.1
2025-11-07 18:15:01 0 [Note] InnoDB: Number of transaction pools: 1
2025-11-07 18:15:01 0 [Note] InnoDB: Using crc32 + pclmulqdq instructions
2025-11-07 18:15:01 0 [Note] mariadbd: O_TMPFILE is not supported on /tmp (disabling future attempts)
2025-11-07 18:15:01 0 [Note] InnoDB: Using Linux native AIO
2025-11-07 18:15:01 0 [Note] InnoDB: Initializing buffer pool, total size = 256.000MiB, chunk size = 4.000MiB
2025-11-07 18:15:01 0 [Note] InnoDB: Completed initialization of buffer pool
2025-11-07 18:15:01 0 [Note] InnoDB: File system buffers for log disabled (block size=512 bytes)
2025-11-07 18:15:01 0 [Note] InnoDB: End of log at LSN=9189395
2025-11-07 18:15:01 0 [Note] InnoDB: Opened 3 undo tablespaces
2025-11-07 18:15:01 0 [Note] InnoDB: 128 rollback segments in 3 undo tablespaces are active.
2025-11-07 18:15:01 0 [Note] InnoDB: Setting file './ibtmp1' size to 12.000MiB. Physically writing the file full; Please wait ...
2025-11-07 18:15:01 0 [Note] InnoDB: File './ibtmp1' size is now 12.000MiB.
2025-11-07 18:15:01 0 [Note] InnoDB: log sequence number 9189395; transaction id 5898
2025-11-07 18:15:01 0 [Note] InnoDB: Loading buffer pool(s) from /config/databases/ib_buffer_pool
2025-11-07 18:15:01 0 [Note] Plugin 'FEEDBACK' is disabled.
2025-11-07 18:15:01 0 [Note] Plugin 'wsrep-provider' is disabled.
2025-11-07 18:15:01 0 [Note] Binary log 'mariadb-bin.000030' is not purged because less than 'slave_connections_needed_for_purge' slaves have processed it
2025-11-07 18:15:01 0 [Note] InnoDB: Buffer pool(s) load completed at 251107 18:15:01
2025-11-07 18:15:02 0 [Note] Server socket created on IP: '0.0.0.0'.
2025-11-07 18:15:02 0 [Note] Server socket created on IP: '::'.
2025-11-07 18:15:02 0 [Note] mariadbd: Event Scheduler: Loaded 0 events
2025-11-07 18:15:02 0 [Note] /usr/bin/mariadbd: ready for connections.
Version: '11.4.5-MariaDB-log'  socket: '/var/run/mysqld/mysqld.sock'  port: 3306  Alpine Linux
2025-11-07 18:15:03 5 [Warning] Aborted connection 5 to db: 'unconnected' user: 'unauthenticated' host: 'localhost' (This connection closed normally without authentication)
2025-11-07 18:15:03 6 [Warning] Access denied for user 'root'@'localhost' (using password: NO)
2025-11-07 18:15:04 4 [Warning] Aborted connection 4 to db: 'unconnected' user: 'unauthenticated' host: 'bookstack.bookstack_default' (This connection closed normally without authentication)
2025-11-07 18:20:11 0 [Note] /usr/bin/mariadbd (initiated by: unknown): Normal shutdown
2025-11-07 18:20:11 0 [Note] InnoDB: FTS optimize thread exiting.
2025-11-07 18:20:11 0 [Note] InnoDB: Starting shutdown...
2025-11-07 18:20:11 0 [Note] InnoDB: Dumping buffer pool(s) to /config/databases/ib_buffer_pool
2025-11-07 18:20:11 0 [Note] InnoDB: Buffer pool(s) dump completed at 251107 18:20:11
2025-11-07 18:20:11 0 [Note] InnoDB: Removed temporary tablespace data file: "./ibtmp1"
2025-11-07 18:20:11 0 [Note] InnoDB: Shutdown completed; log sequence number 9189395; transaction id 5902
2025-11-07 18:20:11 0 [Note] /usr/bin/mariadbd: Shutdown complete
251107 18:20:11 mysqld_safe mysqld from pid file /run/mysqld/mysqld.pid ended
251107 20:31:25 mysqld_safe Starting mariadbd daemon with databases from /config/databases
2025-11-07 20:31:25 0 [Note] Starting MariaDB 11.4.5-MariaDB-log source revision 0771110266ff5c04216af4bf1243c65f8c67ccf4 server_uid dfMrkxN8wHVCMwxhTeSEa9fbr4I= as process 409
2025-11-07 20:31:26 0 [Note] InnoDB: Compressed tables use zlib 1.3.1
2025-11-07 20:31:26 0 [Note] InnoDB: Number of transaction pools: 1
2025-11-07 20:31:26 0 [Note] InnoDB: Using crc32 + pclmulqdq instructions
2025-11-07 20:31:26 0 [Note] mariadbd: O_TMPFILE is not supported on /tmp (disabling future attempts)
2025-11-07 20:31:26 0 [Note] InnoDB: Using Linux native AIO
2025-11-07 20:31:26 0 [Note] InnoDB: Initializing buffer pool, total size = 256.000MiB, chunk size = 4.000MiB
2025-11-07 20:31:26 0 [Note] InnoDB: Completed initialization of buffer pool
2025-11-07 20:31:26 0 [Note] InnoDB: File system buffers for log disabled (block size=512 bytes)
2025-11-07 20:31:26 0 [Note] InnoDB: End of log at LSN=9189395
2025-11-07 20:31:26 0 [Note] InnoDB: Opened 3 undo tablespaces
2025-11-07 20:31:26 0 [Note] InnoDB: 128 rollback segments in 3 undo tablespaces are active.
2025-11-07 20:31:26 0 [Note] InnoDB: Setting file './ibtmp1' size to 12.000MiB. Physically writing the file full; Please wait ...
2025-11-07 20:31:26 0 [Note] InnoDB: File './ibtmp1' size is now 12.000MiB.
2025-11-07 20:31:26 0 [Note] InnoDB: log sequence number 9189395; transaction id 5898
2025-11-07 20:31:26 0 [Note] InnoDB: Loading buffer pool(s) from /config/databases/ib_buffer_pool
2025-11-07 20:31:26 0 [Note] Plugin 'FEEDBACK' is disabled.
2025-11-07 20:31:26 0 [Note] Plugin 'wsrep-provider' is disabled.
2025-11-07 20:31:26 0 [Note] Binary log 'mariadb-bin.000030' is not purged because less than 'slave_connections_needed_for_purge' slaves have processed it
2025-11-07 20:31:26 0 [Note] InnoDB: Buffer pool(s) load completed at 251107 20:31:26
2025-11-07 20:31:26 0 [Note] Server socket created on IP: '0.0.0.0'.
2025-11-07 20:31:26 0 [Note] Server socket created on IP: '::'.
2025-11-07 20:31:26 0 [Note] mariadbd: Event Scheduler: Loaded 0 events
2025-11-07 20:31:26 0 [Note] /usr/bin/mariadbd: ready for connections.
Version: '11.4.5-MariaDB-log'  socket: '/var/run/mysqld/mysqld.sock'  port: 3306  Alpine Linux
2025-11-07 20:31:27 5 [Warning] Aborted connection 5 to db: 'unconnected' user: 'unauthenticated' host: 'localhost' (This connection closed normally without authentication)
2025-11-07 20:31:27 6 [Warning] Access denied for user 'root'@'localhost' (using password: NO)
2025-11-07 20:31:27 4 [Warning] Aborted connection 4 to db: 'unconnected' user: 'unauthenticated' host: 'bookstack.bookstack_default' (This connection closed normally without authentication)
2025-11-08  7:20:25 0 [Note] /usr/bin/mariadbd (initiated by: unknown): Normal shutdown
2025-11-08  7:20:25 0 [Note] InnoDB: FTS optimize thread exiting.
2025-11-08  7:20:25 0 [Note] InnoDB: Starting shutdown...
2025-11-08  7:20:25 0 [Note] InnoDB: Dumping buffer pool(s) to /config/databases/ib_buffer_pool
2025-11-08  7:20:25 0 [Note] InnoDB: Buffer pool(s) dump completed at 251108  7:20:25
2025-11-08  7:20:26 0 [Note] InnoDB: Removed temporary tablespace data file: "./ibtmp1"
2025-11-08  7:20:26 0 [Note] InnoDB: Shutdown completed; log sequence number 9189395; transaction id 5902
2025-11-08  7:20:26 0 [Note] /usr/bin/mariadbd: Shutdown complete
251108 07:20:26 mysqld_safe mysqld from pid file /run/mysqld/mysqld.pid ended
251108 10:38:42 mysqld_safe Starting mariadbd daemon with databases from /config/databases
2025-11-08 10:38:43 0 [Note] Starting MariaDB 11.4.5-MariaDB-log source revision 0771110266ff5c04216af4bf1243c65f8c67ccf4 server_uid p/bij/r1Ao03N7VW1YZw+uoPSAo= as process 409
2025-11-08 10:38:43 0 [Note] InnoDB: Compressed tables use zlib 1.3.1
2025-11-08 10:38:43 0 [Note] InnoDB: Number of transaction pools: 1
2025-11-08 10:38:43 0 [Note] InnoDB: Using crc32 + pclmulqdq instructions
2025-11-08 10:38:43 0 [Note] mariadbd: O_TMPFILE is not supported on /tmp (disabling future attempts)
2025-11-08 10:38:43 0 [Note] InnoDB: Using Linux native AIO
2025-11-08 10:38:43 0 [Note] InnoDB: Initializing buffer pool, total size = 256.000MiB, chunk size = 4.000MiB
2025-11-08 10:38:43 0 [Note] InnoDB: Completed initialization of buffer pool
2025-11-08 10:38:43 0 [Note] InnoDB: File system buffers for log disabled (block size=512 bytes)
2025-11-08 10:38:43 0 [Note] InnoDB: End of log at LSN=9189395
2025-11-08 10:38:43 0 [Note] InnoDB: Opened 3 undo tablespaces
2025-11-08 10:38:43 0 [Note] InnoDB: 128 rollback segments in 3 undo tablespaces are active.
2025-11-08 10:38:43 0 [Note] InnoDB: Setting file './ibtmp1' size to 12.000MiB. Physically writing the file full; Please wait ...
2025-11-08 10:38:43 0 [Note] InnoDB: File './ibtmp1' size is now 12.000MiB.
2025-11-08 10:38:43 0 [Note] InnoDB: log sequence number 9189395; transaction id 5898
2025-11-08 10:38:43 0 [Note] InnoDB: Loading buffer pool(s) from /config/databases/ib_buffer_pool
2025-11-08 10:38:43 0 [Note] Plugin 'FEEDBACK' is disabled.
2025-11-08 10:38:43 0 [Note] Plugin 'wsrep-provider' is disabled.
2025-11-08 10:38:43 0 [Note] Binary log 'mariadb-bin.000030' is not purged because less than 'slave_connections_needed_for_purge' slaves have processed it
2025-11-08 10:38:43 0 [Note] InnoDB: Buffer pool(s) load completed at 251108 10:38:43
2025-11-08 10:38:46 0 [Note] Server socket created on IP: '0.0.0.0'.
2025-11-08 10:38:46 0 [Note] Server socket created on IP: '::'.
2025-11-08 10:38:46 0 [Note] mariadbd: Event Scheduler: Loaded 0 events
2025-11-08 10:38:46 0 [Note] /usr/bin/mariadbd: ready for connections.
Version: '11.4.5-MariaDB-log'  socket: '/var/run/mysqld/mysqld.sock'  port: 3306  Alpine Linux
2025-11-08 10:38:46 4 [Warning] Aborted connection 4 to db: 'unconnected' user: 'unauthenticated' host: 'localhost' (This connection closed normally without authentication)
2025-11-08 10:38:46 5 [Warning] Access denied for user 'root'@'localhost' (using password: NO)
2025-11-08 10:38:47 7 [Warning] Aborted connection 7 to db: 'unconnected' user: 'unauthenticated' host: 'bookstack.bookstack_default' (This connection closed normally without authentication)
2025-11-10 18:43:30 0 [Note] /usr/bin/mariadbd (initiated by: unknown): Normal shutdown
2025-11-10 18:43:30 0 [Note] InnoDB: FTS optimize thread exiting.
2025-11-10 18:43:30 0 [Note] InnoDB: Starting shutdown...
2025-11-10 18:43:30 0 [Note] InnoDB: Dumping buffer pool(s) to /config/databases/ib_buffer_pool
2025-11-10 18:43:30 0 [Note] InnoDB: Buffer pool(s) dump completed at 251110 18:43:30
2025-11-10 18:43:30 0 [Note] InnoDB: Removed temporary tablespace data file: "./ibtmp1"
2025-11-10 18:43:30 0 [Note] InnoDB: Shutdown completed; log sequence number 9191660; transaction id 5933
2025-11-10 18:43:30 0 [Note] /usr/bin/mariadbd: Shutdown complete
251110 18:43:30 mysqld_safe mysqld from pid file /run/mysqld/mysqld.pid ended
251110 19:07:48 mysqld_safe Starting mariadbd daemon with databases from /config/databases
2025-11-10 19:07:49 0 [Note] Starting MariaDB 11.4.5-MariaDB-log source revision 0771110266ff5c04216af4bf1243c65f8c67ccf4 server_uid p/bij/r1Ao03N7VW1YZw+uoPSAo= as process 408
2025-11-10 19:07:49 0 [Note] InnoDB: Compressed tables use zlib 1.3.1
2025-11-10 19:07:49 0 [Note] InnoDB: Number of transaction pools: 1
2025-11-10 19:07:49 0 [Note] InnoDB: Using crc32 + pclmulqdq instructions
2025-11-10 19:07:49 0 [Note] mariadbd: O_TMPFILE is not supported on /tmp (disabling future attempts)
2025-11-10 19:07:49 0 [Note] InnoDB: Using Linux native AIO
2025-11-10 19:07:49 0 [Note] InnoDB: Initializing buffer pool, total size = 256.000MiB, chunk size = 4.000MiB
2025-11-10 19:07:49 0 [Note] InnoDB: Completed initialization of buffer pool
2025-11-10 19:07:49 0 [Note] InnoDB: File system buffers for log disabled (block size=512 bytes)
2025-11-10 19:07:49 0 [Note] InnoDB: End of log at LSN=9191660
2025-11-10 19:07:49 0 [Note] InnoDB: Opened 3 undo tablespaces
2025-11-10 19:07:49 0 [Note] InnoDB: 128 rollback segments in 3 undo tablespaces are active.
2025-11-10 19:07:49 0 [Note] InnoDB: Setting file './ibtmp1' size to 12.000MiB. Physically writing the file full; Please wait ...
2025-11-10 19:07:49 0 [Note] InnoDB: File './ibtmp1' size is now 12.000MiB.
2025-11-10 19:07:49 0 [Note] InnoDB: log sequence number 9191660; transaction id 5934
2025-11-10 19:07:49 0 [Note] Plugin 'FEEDBACK' is disabled.
2025-11-10 19:07:49 0 [Note] Plugin 'wsrep-provider' is disabled.
2025-11-10 19:07:49 0 [Note] InnoDB: Loading buffer pool(s) from /config/databases/ib_buffer_pool
2025-11-10 19:07:49 0 [Note] Binary log 'mariadb-bin.000030' is not purged because less than 'slave_connections_needed_for_purge' slaves have processed it
2025-11-10 19:07:49 0 [Note] InnoDB: Buffer pool(s) load completed at 251110 19:07:49
2025-11-10 19:07:51 0 [Note] Server socket created on IP: '0.0.0.0'.
2025-11-10 19:07:51 0 [Note] Server socket created on IP: '::'.
2025-11-10 19:07:51 0 [Note] mariadbd: Event Scheduler: Loaded 0 events
2025-11-10 19:07:51 0 [Note] /usr/bin/mariadbd: ready for connections.
Version: '11.4.5-MariaDB-log'  socket: '/var/run/mysqld/mysqld.sock'  port: 3306  Alpine Linux
2025-11-10 19:07:51 4 [Warning] Aborted connection 4 to db: 'unconnected' user: 'unauthenticated' host: 'localhost' (This connection closed normally without authentication)
2025-11-10 19:07:52 5 [Warning] Access denied for user 'root'@'localhost' (using password: NO)
2025-11-10 19:07:53 7 [Warning] Aborted connection 7 to db: 'unconnected' user: 'unauthenticated' host: 'bookstack.bookstack_default' (This connection closed normally without authentication)
2025-11-11 14:41:15 0 [Note] /usr/bin/mariadbd (initiated by: unknown): Normal shutdown
2025-11-11 14:41:15 0 [Note] InnoDB: FTS optimize thread exiting.
2025-11-11 14:41:15 0 [Note] InnoDB: Starting shutdown...
2025-11-11 14:41:15 0 [Note] InnoDB: Dumping buffer pool(s) to /config/databases/ib_buffer_pool
2025-11-11 14:41:15 0 [Note] InnoDB: Buffer pool(s) dump completed at 251111 14:41:15
2025-11-11 14:41:15 0 [Note] InnoDB: Removed temporary tablespace data file: "./ibtmp1"
2025-11-11 14:41:15 0 [Note] InnoDB: Shutdown completed; log sequence number 9191660; transaction id 5938
2025-11-11 14:41:15 0 [Note] /usr/bin/mariadbd: Shutdown complete
251111 14:41:16 mysqld_safe mysqld from pid file /run/mysqld/mysqld.pid ended
251111 15:08:33 mysqld_safe Starting mariadbd daemon with databases from /config/databases
2025-11-11 15:08:33 0 [Note] Starting MariaDB 11.4.5-MariaDB-log source revision 0771110266ff5c04216af4bf1243c65f8c67ccf4 server_uid p/bij/r1Ao03N7VW1YZw+uoPSAo= as process 409
2025-11-11 15:08:33 0 [Note] InnoDB: Compressed tables use zlib 1.3.1
2025-11-11 15:08:33 0 [Note] InnoDB: Number of transaction pools: 1
2025-11-11 15:08:33 0 [Note] InnoDB: Using crc32 + pclmulqdq instructions
2025-11-11 15:08:33 0 [Note] mariadbd: O_TMPFILE is not supported on /tmp (disabling future attempts)
2025-11-11 15:08:33 0 [Note] InnoDB: Using Linux native AIO
2025-11-11 15:08:33 0 [Note] InnoDB: Initializing buffer pool, total size = 256.000MiB, chunk size = 4.000MiB
2025-11-11 15:08:33 0 [Note] InnoDB: Completed initialization of buffer pool
2025-11-11 15:08:33 0 [Note] InnoDB: File system buffers for log disabled (block size=512 bytes)
2025-11-11 15:08:33 0 [Note] InnoDB: End of log at LSN=9191660
2025-11-11 15:08:34 0 [Note] InnoDB: Opened 3 undo tablespaces
2025-11-11 15:08:34 0 [Note] InnoDB: 128 rollback segments in 3 undo tablespaces are active.
2025-11-11 15:08:34 0 [Note] InnoDB: Setting file './ibtmp1' size to 12.000MiB. Physically writing the file full; Please wait ...
2025-11-11 15:08:34 0 [Note] InnoDB: File './ibtmp1' size is now 12.000MiB.
2025-11-11 15:08:34 0 [Note] InnoDB: log sequence number 9191660; transaction id 5934
2025-11-11 15:08:34 0 [Note] Plugin 'FEEDBACK' is disabled.
2025-11-11 15:08:34 0 [Note] Plugin 'wsrep-provider' is disabled.
2025-11-11 15:08:34 0 [Note] InnoDB: Loading buffer pool(s) from /config/databases/ib_buffer_pool
2025-11-11 15:08:34 0 [Note] Binary log 'mariadb-bin.000030' is not purged because less than 'slave_connections_needed_for_purge' slaves have processed it
2025-11-11 15:08:34 0 [Note] InnoDB: Buffer pool(s) load completed at 251111 15:08:34
2025-11-11 15:08:35 0 [Note] Server socket created on IP: '0.0.0.0'.
2025-11-11 15:08:35 0 [Note] Server socket created on IP: '::'.
2025-11-11 15:08:35 0 [Note] mariadbd: Event Scheduler: Loaded 0 events
2025-11-11 15:08:35 0 [Note] /usr/bin/mariadbd: ready for connections.
Version: '11.4.5-MariaDB-log'  socket: '/var/run/mysqld/mysqld.sock'  port: 3306  Alpine Linux
2025-11-11 15:08:36 5 [Warning] Aborted connection 5 to db: 'unconnected' user: 'unauthenticated' host: 'localhost' (This connection closed normally without authentication)
2025-11-11 15:08:36 6 [Warning] Access denied for user 'root'@'localhost' (using password: NO)
2025-11-11 15:08:36 4 [Warning] Aborted connection 4 to db: 'unconnected' user: 'unauthenticated' host: 'bookstack.bookstack_default' (This connection closed normally without authentication)
2025-11-12  8:55:42 0 [Note] /usr/bin/mariadbd (initiated by: unknown): Normal shutdown
2025-11-12  8:55:42 0 [Note] InnoDB: FTS optimize thread exiting.
2025-11-12  8:55:42 0 [Note] InnoDB: Starting shutdown...
2025-11-12  8:55:42 0 [Note] InnoDB: Dumping buffer pool(s) to /config/databases/ib_buffer_pool
2025-11-12  8:55:42 0 [Note] InnoDB: Buffer pool(s) dump completed at 251112  8:55:42
2025-11-12  8:55:42 0 [Note] InnoDB: Removed temporary tablespace data file: "./ibtmp1"
2025-11-12  8:55:42 0 [Note] InnoDB: Shutdown completed; log sequence number 9191660; transaction id 5936
2025-11-12  8:55:42 0 [Note] /usr/bin/mariadbd: Shutdown complete
251112 08:55:43 mysqld_safe mysqld from pid file /run/mysqld/mysqld.pid ended
251112 10:29:30 mysqld_safe Starting mariadbd daemon with databases from /config/databases
2025-11-12 10:29:31 0 [Note] Starting MariaDB 11.4.5-MariaDB-log source revision 0771110266ff5c04216af4bf1243c65f8c67ccf4 server_uid dfMrkxN8wHVCMwxhTeSEa9fbr4I= as process 409
2025-11-12 10:29:31 0 [Note] InnoDB: Compressed tables use zlib 1.3.1
2025-11-12 10:29:31 0 [Note] InnoDB: Number of transaction pools: 1
2025-11-12 10:29:31 0 [Note] InnoDB: Using crc32 + pclmulqdq instructions
2025-11-12 10:29:31 0 [Note] mariadbd: O_TMPFILE is not supported on /tmp (disabling future attempts)
2025-11-12 10:29:31 0 [Note] InnoDB: Using Linux native AIO
2025-11-12 10:29:31 0 [Note] InnoDB: Initializing buffer pool, total size = 256.000MiB, chunk size = 4.000MiB
2025-11-12 10:29:31 0 [Note] InnoDB: Completed initialization of buffer pool
2025-11-12 10:29:31 0 [Note] InnoDB: File system buffers for log disabled (block size=512 bytes)
2025-11-12 10:29:31 0 [Note] InnoDB: End of log at LSN=9191660
2025-11-12 10:29:31 0 [Note] InnoDB: Opened 3 undo tablespaces
2025-11-12 10:29:31 0 [Note] InnoDB: 128 rollback segments in 3 undo tablespaces are active.
2025-11-12 10:29:31 0 [Note] InnoDB: Setting file './ibtmp1' size to 12.000MiB. Physically writing the file full; Please wait ...
2025-11-12 10:29:31 0 [Note] InnoDB: File './ibtmp1' size is now 12.000MiB.
2025-11-12 10:29:31 0 [Note] InnoDB: log sequence number 9191660; transaction id 5934
2025-11-12 10:29:31 0 [Note] Plugin 'FEEDBACK' is disabled.
2025-11-12 10:29:31 0 [Note] Plugin 'wsrep-provider' is disabled.
2025-11-12 10:29:31 0 [Note] InnoDB: Loading buffer pool(s) from /config/databases/ib_buffer_pool
2025-11-12 10:29:31 0 [Note] Binary log 'mariadb-bin.000030' is not purged because less than 'slave_connections_needed_for_purge' slaves have processed it
2025-11-12 10:29:31 0 [Note] InnoDB: Buffer pool(s) load completed at 251112 10:29:31
2025-11-12 10:29:32 0 [Note] Server socket created on IP: '0.0.0.0'.
2025-11-12 10:29:32 0 [Note] Server socket created on IP: '::'.
2025-11-12 10:29:32 0 [Note] mariadbd: Event Scheduler: Loaded 0 events
2025-11-12 10:29:32 0 [Note] /usr/bin/mariadbd: ready for connections.
Version: '11.4.5-MariaDB-log'  socket: '/var/run/mysqld/mysqld.sock'  port: 3306  Alpine Linux
2025-11-12 10:29:32 5 [Warning] Aborted connection 5 to db: 'unconnected' user: 'unauthenticated' host: 'localhost' (This connection closed normally without authentication)
2025-11-12 10:29:33 6 [Warning] Access denied for user 'root'@'localhost' (using password: NO)
2025-11-12 10:29:33 4 [Warning] Aborted connection 4 to db: 'unconnected' user: 'unauthenticated' host: 'bookstack.bookstack_default' (This connection closed normally without authentication)
2025-11-12 18:02:28 0 [Note] /usr/bin/mariadbd (initiated by: unknown): Normal shutdown
2025-11-12 18:02:28 0 [Note] InnoDB: FTS optimize thread exiting.
2025-11-12 18:02:28 0 [Note] InnoDB: Starting shutdown...
2025-11-12 18:02:28 0 [Note] InnoDB: Dumping buffer pool(s) to /config/databases/ib_buffer_pool
2025-11-12 18:02:28 0 [Note] InnoDB: Buffer pool(s) dump completed at 251112 18:02:28
2025-11-12 18:02:28 0 [Note] InnoDB: Removed temporary tablespace data file: "./ibtmp1"
2025-11-12 18:02:28 0 [Note] InnoDB: Shutdown completed; log sequence number 9191660; transaction id 5938
2025-11-12 18:02:28 0 [Note] /usr/bin/mariadbd: Shutdown complete
251112 18:02:28 mysqld_safe mysqld from pid file /run/mysqld/mysqld.pid ended
251112 18:18:51 mysqld_safe Starting mariadbd daemon with databases from /config/databases
2025-11-12 18:18:52 0 [Note] Starting MariaDB 11.4.5-MariaDB-log source revision 0771110266ff5c04216af4bf1243c65f8c67ccf4 server_uid dfMrkxN8wHVCMwxhTeSEa9fbr4I= as process 408
2025-11-12 18:18:52 0 [Note] InnoDB: Compressed tables use zlib 1.3.1
2025-11-12 18:18:52 0 [Note] InnoDB: Number of transaction pools: 1
2025-11-12 18:18:52 0 [Note] InnoDB: Using crc32 + pclmulqdq instructions
2025-11-12 18:18:52 0 [Note] mariadbd: O_TMPFILE is not supported on /tmp (disabling future attempts)
2025-11-12 18:18:52 0 [Note] InnoDB: Using Linux native AIO
2025-11-12 18:18:52 0 [Note] InnoDB: Initializing buffer pool, total size = 256.000MiB, chunk size = 4.000MiB
2025-11-12 18:18:52 0 [Note] InnoDB: Completed initialization of buffer pool
2025-11-12 18:18:52 0 [Note] InnoDB: File system buffers for log disabled (block size=512 bytes)
2025-11-12 18:18:52 0 [Note] InnoDB: End of log at LSN=9191660
2025-11-12 18:18:52 0 [Note] InnoDB: Opened 3 undo tablespaces
2025-11-12 18:18:52 0 [Note] InnoDB: 128 rollback segments in 3 undo tablespaces are active.
2025-11-12 18:18:52 0 [Note] InnoDB: Setting file './ibtmp1' size to 12.000MiB. Physically writing the file full; Please wait ...
2025-11-12 18:18:52 0 [Note] InnoDB: File './ibtmp1' size is now 12.000MiB.
2025-11-12 18:18:52 0 [Note] InnoDB: log sequence number 9191660; transaction id 5934
2025-11-12 18:18:52 0 [Note] InnoDB: Loading buffer pool(s) from /config/databases/ib_buffer_pool
2025-11-12 18:18:52 0 [Note] Plugin 'FEEDBACK' is disabled.
2025-11-12 18:18:52 0 [Note] Plugin 'wsrep-provider' is disabled.
2025-11-12 18:18:52 0 [Note] Binary log 'mariadb-bin.000030' is not purged because less than 'slave_connections_needed_for_purge' slaves have processed it
2025-11-12 18:18:52 0 [Note] InnoDB: Buffer pool(s) load completed at 251112 18:18:52
2025-11-12 18:18:54 0 [Note] Server socket created on IP: '0.0.0.0'.
2025-11-12 18:18:54 0 [Note] Server socket created on IP: '::'.
2025-11-12 18:18:54 0 [Note] mariadbd: Event Scheduler: Loaded 0 events
2025-11-12 18:18:54 0 [Note] /usr/bin/mariadbd: ready for connections.
Version: '11.4.5-MariaDB-log'  socket: '/var/run/mysqld/mysqld.sock'  port: 3306  Alpine Linux
2025-11-12 18:18:55 5 [Warning] Aborted connection 5 to db: 'unconnected' user: 'unauthenticated' host: 'localhost' (This connection closed normally without authentication)
2025-11-12 18:18:55 6 [Warning] Access denied for user 'root'@'localhost' (using password: NO)
2025-11-12 18:18:55 4 [Warning] Aborted connection 4 to db: 'unconnected' user: 'unauthenticated' host: 'bookstack.bookstack_default' (This connection closed normally without authentication)
